<?xml version='1.0' encoding='UTF-8' ?>
<testsuite name="edu.ucsc.cse118.assignment3.AdvancedTest" tests="12" failures="2" errors="0" skipped="0" time="43.681" timestamp="2022-10-18T06:04:43" hostname="localhost">
  <properties>
    <property name="device" value="Pixel_5_API_32(AVD) - 12" />
    <property name="flavor" value="" />
    <property name="project" value=":app" />
  </properties>
  <testcase name="fab_exists" classname="edu.ucsc.cse118.assignment3.AdvancedTest" time="3.26" />
  <testcase name="fab_type_not_enough" classname="edu.ucsc.cse118.assignment3.AdvancedTest" time="3.388" />
  <testcase name="fab_type_new_message" classname="edu.ucsc.cse118.assignment3.AdvancedTest" time="3.899" />
  <testcase name="header" classname="edu.ucsc.cse118.assignment3.BasicTest" time="1.635" />
  <testcase name="workspace_movies" classname="edu.ucsc.cse118.assignment3.BasicTest" time="1.795" />
  <testcase name="workspace_construction" classname="edu.ucsc.cse118.assignment3.BasicTest" time="1.622" />
  <testcase name="movies_channel_count" classname="edu.ucsc.cse118.assignment3.BasicTest" time="1.635" />
  <testcase name="movies_channel_drama" classname="edu.ucsc.cse118.assignment3.BasicTest" time="1.878" />
  <testcase name="construction_channel_framing" classname="edu.ucsc.cse118.assignment3.BasicTest" time="1.911" />
  <testcase name="construction_channel_framing_message_ranice" classname="edu.ucsc.cse118.assignment3.BasicTest" time="8.695">
    <failure>androidx.test.espresso.NoMatchingViewException: No views in hierarchy found matching: an instance of android.widget.TextView and view.getText() with or without transformation to match: is "Ranice Desantis"

View Hierarchy:
+&gt;DecorView{id=-1, visibility=VISIBLE, width=1080, height=2340, has-focus=false, has-focusable=true, has-window-focus=true, is-clickable=false, is-enabled=true, is-focused=false, is-focusable=false, is-layout-requested=false, is-selected=false, layout-params={(0,0)(fillxfill) ty=BASE_APPLICATION wanim=0x10302fe
fl=LAYOUT_IN_SCREEN LAYOUT_INSET_DECOR SPLIT_TOUCH HARDWARE_ACCELERATED DRAWS_SYSTEM_BAR_BACKGROUNDS
pfl=NO_MOVE_ANIMATION FORCE_DRAW_STATUS_BAR_BACKGROUND FIT_INSETS_CONTROLLED
bhv=DEFAULT
fitSides=}, tag=null, root-is-layout-requested=false, has-input-connection=false, x=0.0, y=0.0, child-count=3}
|
+-&gt;LinearLayout{id=-1, visibility=VISIBLE, width=1080, height=2296, has-focus=false, has-focusable=true, has-window-focus=true, is-clickable=false, is-enabled=true, is-focused=false, is-focusable=false, is-layout-requested=false, is-selected=false, layout-params=android.widget.FrameLayout$LayoutParams&#64;41e4967, tag=null, root-is-layout-requested=false, has-input-connection=false, x=0.0, y=0.0, child-count=2}
|
+--&gt;ViewStub{id=16908723, res-name=action_mode_bar_stub, visibility=GONE, width=0, height=0, has-focus=false, has-focusable=false, has-window-focus=true, is-clickable=false, is-enabled=true, is-focused=false, is-focusable=false, is-layout-requested=true, is-selected=false, layout-params=android.widget.LinearLayout$LayoutParams&#64;7ecd314, tag=null, root-is-layout-requested=false, has-input-connection=false, x=0.0, y=0.0}
|
+--&gt;FrameLayout{id=-1, visibility=VISIBLE, width=1080, height=2230, has-focus=false, has-focusable=true, has-window-focus=true, is-clickable=false, is-enabled=true, is-focused=false, is-focusable=false, is-layout-requested=false, is-selected=false, layout-params=android.widget.LinearLayout$LayoutParams&#64;5a0b1b2, tag=null, root-is-layout-requested=false, has-input-connection=false, x=0.0, y=66.0, child-count=1}
|
+---&gt;ActionBarOverlayLayout{id=2131230872, res-name=decor_content_parent, visibility=VISIBLE, width=1080, height=2230, has-focus=false, has-focusable=true, has-window-focus=true, is-clickable=false, is-enabled=true, is-focused=false, is-focusable=false, is-layout-requested=false, is-selected=false, layout-params=android.widget.FrameLayout$LayoutParams&#64;d3c1503, tag=null, root-is-layout-requested=false, has-input-connection=false, x=0.0, y=0.0, child-count=2}
|
+----&gt;ContentFrameLayout{id=16908290, res-name=content, visibility=VISIBLE, width=1080, height=2076, has-focus=false, has-focusable=true, has-window-focus=true, is-clickable=false, is-enabled=true, is-focused=false, is-focusable=false, is-layout-requested=false, is-selected=false, layout-params=androidx.appcompat.widget.ActionBarOverlayLayout$LayoutParams&#64;80a82b9, tag=null, root-is-layout-requested=false, has-input-connection=false, x=0.0, y=154.0, child-count=1}
|
+-----&gt;ConstraintLayout{id=-1, visibility=VISIBLE, width=1080, height=2076, has-focus=false, has-focusable=true, has-window-focus=true, is-clickable=false, is-enabled=true, is-focused=false, is-focusable=false, is-layout-requested=false, is-selected=false, layout-params=android.widget.FrameLayout$LayoutParams&#64;de0fe5f, tag=null, root-is-layout-requested=false, has-input-connection=false, x=0.0, y=0.0, child-count=1}
|
+------&gt;FragmentContainerView{id=2131231033, res-name=nav_host_fragment, visibility=VISIBLE, width=1080, height=2076, has-focus=false, has-focusable=true, has-window-focus=true, is-clickable=false, is-enabled=true, is-focused=false, is-focusable=false, is-layout-requested=false, is-selected=false, layout-params=androidx.constraintlayout.widget.ConstraintLayout$LayoutParams&#64;4479175, tag=null, root-is-layout-requested=false, has-input-connection=false, x=0.0, y=0.0, child-count=1}
|
+-------&gt;FragmentContainerView{id=2131231033, res-name=nav_host_fragment, visibility=VISIBLE, width=1080, height=2076, has-focus=false, has-focusable=true, has-window-focus=true, is-clickable=false, is-enabled=true, is-focused=false, is-focusable=false, is-layout-requested=false, is-selected=false, layout-params=android.widget.FrameLayout$LayoutParams&#64;8c1217b, tag=null, root-is-layout-requested=false, has-input-connection=false, x=0.0, y=0.0, child-count=1}
|
+--------&gt;ConstraintLayout{id=-1, visibility=VISIBLE, width=1080, height=2076, has-focus=false, has-focusable=true, has-window-focus=true, is-clickable=false, is-enabled=true, is-focused=false, is-focusable=false, is-layout-requested=false, is-selected=false, layout-params=android.widget.FrameLayout$LayoutParams&#64;53627d6, tag=null, root-is-layout-requested=false, has-input-connection=false, x=0.0, y=0.0, child-count=2}
|
+---------&gt;RecyclerView{id=2131231080, res-name=recyclerview, visibility=VISIBLE, width=1080, height=2076, has-focus=false, has-focusable=true, has-window-focus=true, is-clickable=false, is-enabled=true, is-focused=false, is-focusable=true, is-layout-requested=false, is-selected=false, layout-params=androidx.constraintlayout.widget.ConstraintLayout$LayoutParams&#64;720c1e5, tag=null, root-is-layout-requested=false, has-input-connection=false, x=0.0, y=0.0, child-count=10}
|
+----------&gt;CardView{id=-1, visibility=VISIBLE, width=1058, height=206, has-focus=false, has-focusable=true, has-window-focus=true, is-clickable=true, is-enabled=true, is-focused=false, is-focusable=true, is-layout-requested=false, is-selected=false, layout-params=androidx.recyclerview.widget.RecyclerView$LayoutParams&#64;1d95f6b, tag=null, root-is-layout-requested=false, has-input-connection=false, x=11.0, y=11.0, child-count=1}
|
+-----------&gt;LinearLayout{id=-1, visibility=VISIBLE, width=1058, height=206, has-focus=false, has-focusable=false, has-window-focus=true, is-clickable=false, is-enabled=true, is-focused=false, is-focusable=false, is-layout-requested=false, is-selected=false, layout-params=android.widget.FrameLayout$LayoutParams&#64;2ac8747, tag=null, root-is-layout-requested=false, has-input-connection=false, x=0.0, y=0.0, child-count=3}
|
+------------&gt;MaterialTextView{id=2131231074, res-name=poster, visibility=VISIBLE, width=349, height=74, has-focus=false, has-focusable=false, has-window-focus=true, is-clickable=false, is-enabled=true, is-focused=false, is-focusable=false, is-layout-requested=false, is-selected=false, layout-params=android.widget.LinearLayout$LayoutParams&#64;c976b74, tag=null, root-is-layout-requested=false, has-input-connection=false, x=11.0, y=11.0, text=Molly Member, input-type=0, ime-target=false, has-links=false}
|
+------------&gt;MaterialTextView{id=2131230868, res-name=date, visibility=VISIBLE, width=373, height=44, has-focus=false, has-focusable=false, has-window-focus=true, is-clickable=false, is-enabled=true, is-focused=false, is-focusable=false, is-layout-requested=false, is-selected=false, layout-params=android.widget.LinearLayout$LayoutParams&#64;eee489d, tag=null, root-is-layout-requested=false, has-input-connection=false, x=11.0, y=85.0, text=Oct 18, 2022, 6:04:09 AM, input-type=0, ime-target=false, has-links=false}
|
+------------&gt;MaterialTextView{id=2131230856, res-name=content, visibility=VISIBLE, width=506, height=59, has-focus=false, has-focusable=false, has-window-focus=true, is-clickable=false, is-enabled=true, is-focused=false, is-focusable=false, is-layout-requested=false, is-selected=false, layout-params=android.widget.LinearLayout$LayoutParams&#64;c02f112, tag=null, root-is-layout-requested=false, has-input-connection=false, x=11.0, y=129.0, text=A very long line of content, input-type=0, ime-target=false, has-links=false}
|
+----------&gt;CardView{id=-1, visibility=VISIBLE, width=1058, height=206, has-focus=false, has-focusable=true, has-window-focus=true, is-clickable=true, is-enabled=true, is-focused=false, is-focusable=true, is-layout-requested=false, is-selected=false, layout-params=androidx.recyclerview.widget.RecyclerView$LayoutParams&#64;779cae0, tag=null, root-is-layout-requested=false, has-input-connection=false, x=11.0, y=239.0, child-count=1}
|
+-----------&gt;LinearLayout{id=-1, visibility=VISIBLE, width=1058, height=206, has-focus=false, has-focusable=false, has-window-focus=true, is-clickable=false, is-enabled=true, is-focused=false, is-focusable=false, is-layout-requested=false, is-selected=false, layout-params=android.widget.FrameLayout$LayoutParams&#64;260b50c, tag=null, root-is-layout-requested=false, has-input-connection=false, x=0.0, y=0.0, child-count=3}
|
+------------&gt;MaterialTextView{id=2131231074, res-name=poster, visibility=VISIBLE, width=349, height=74, has-focus=false, has-focusable=false, has-window-focus=true, is-clickable=false, is-enabled=true, is-focused=false, is-focusable=false, is-layout-requested=false, is-selected=false, layout-params=android.widget.LinearLayout$LayoutParams&#64;d9eee55, tag=null, root-is-layout-requested=false, has-input-connection=false, x=11.0, y=11.0, text=Molly Member, input-type=0, ime-target=false, has-links=false}
|
+------------&gt;MaterialTextView{id=2131230868, res-name=date, visibility=VISIBLE, width=373, height=44, has-focus=false, has-focusable=false, has-window-focus=true, is-clickable=false, is-enabled=true, is-focused=false, is-focusable=false, is-layout-requested=false, is-selected=false, layout-params=android.widget.LinearLayout$LayoutParams&#64;407906a, tag=null, root-is-layout-requested=false, has-input-connection=false, x=11.0, y=85.0, text=Oct 18, 2022, 6:01:06 AM, input-type=0, ime-target=false, has-links=false}
|
+------------&gt;MaterialTextView{id=2131230856, res-name=content, visibility=VISIBLE, width=501, height=59, has-focus=false, has-focusable=false, has-window-focus=true, is-clickable=false, is-enabled=true, is-focused=false, is-focusable=false, is-layout-requested=false, is-selected=false, layout-params=android.widget.LinearLayout$LayoutParams&#64;134f95b, tag=null, root-is-layout-requested=false, has-input-connection=false, x=11.0, y=129.0, text=Testing Deleting 7654321, input-type=0, ime-target=false, has-links=false}
|
+----------&gt;CardView{id=-1, visibility=VISIBLE, width=1058, height=206, has-focus=false, has-focusable=true, has-window-focus=true, is-clickable=true, is-enabled=true, is-focused=false, is-focusable=true, is-layout-requested=false, is-selected=false, layout-params=androidx.recyclerview.widget.RecyclerView$LayoutParams&#64;22d1ad1, tag=null, root-is-layout-requested=false, has-input-connection=false, x=11.0, y=467.0, child-count=1}
|
+-----------&gt;LinearLayout{id=-1, visibility=VISIBLE, width=1058, height=206, has-focus=false, has-focusable=false, has-window-focus=true, is-clickable=false, is-enabled=true, is-focused=false, is-focusable=false, is-layout-requested=false, is-selected=false, layout-params=android.widget.FrameLayout$LayoutParams&#64;a97930d, tag=null, root-is-layout-requested=false, has-input-connection=false, x=0.0, y=0.0, child-count=3}
|
+------------&gt;MaterialTextView{id=2131231074, res-name=poster, visibility=VISIBLE, width=349, height=74, has-focus=false, has-focusable=false, has-window-focus=true, is-clickable=false, is-enabled=true, is-focused=false, is-focusable=false, is-layout-requested=false, is-selected=false, layout-params=android.widget.LinearLayout$LayoutParams&#64;a65c2c2, tag=null, root-is-layout-requested=false, has-input-connection=false, x=11.0, y=11.0, text=Molly Member, input-type=0, ime-target=false, has-links=false}
|
+------------&gt;MaterialTextView{id=2131230868, res-name=date, visibility=VISIBLE, width=373, height=44, has-focus=false, has-focusable=false, has-window-focus=true, is-clickable=false, is-enabled=true, is-focused=false, is-focusable=false, is-layout-requested=false, is-selected=false, layout-params=android.widget.LinearLayout$LayoutParams&#64;2b738d3, tag=null, root-is-layout-requested=false, has-input-connection=false, x=11.0, y=85.0, text=Oct 18, 2022, 6:01:02 AM, input-type=0, ime-target=false, has-links=false}
|
+------------&gt;MaterialTextView{id=2131230856, res-name=content, visibility=VISIBLE, width=501, height=59, has-focus=false, has-focusable=false, has-window-focus=true, is-clickable=false, is-enabled=true, is-focused=false, is-focusable=false, is-layout-requested=false, is-selected=false, layout-params=android.widget.LinearLayout$LayoutParams&#64;185ac10, tag=null, root-is-layout-requested=false, has-input-connection=false, x=11.0, y=129.0, text=Testing Deleting 1234567, input-type=0, ime-target=false, has-links=false}
|
+----------&gt;CardView{id=-1, visibility=VISIBLE, width=1058, height=206, has-focus=false, has-focusable=true, has-window-focus=true, is-clickable=true, is-enabled=true, is-focused=false, is-focusable=true, is-layout-requested=false, is-selected=false, layout-params=androidx.recyclerview.widget.RecyclerView$LayoutParams&#64;f51490e, tag=null, root-is-layout-requested=false, has-input-connection=false, x=11.0, y=695.0, child-count=1}
|
+-----------&gt;LinearLayout{id=-1, visibility=VISIBLE, width=1058, height=206, has-focus=false, has-focusable=false, has-window-focus=true, is-clickable=false, is-enabled=true, is-focused=false, is-focusable=false, is-layout-requested=false, is-selected=false, layout-params=android.widget.FrameLayout$LayoutParams&#64;85ce81a, tag=null, root-is-layout-requested=false, has-input-connection=false, x=0.0, y=0.0, child-count=3}
|
+------------&gt;MaterialTextView{id=2131231074, res-name=poster, visibility=VISIBLE, width=349, height=74, has-focus=false, has-focusable=false, has-window-focus=true, is-clickable=false, is-enabled=true, is-focused=false, is-focusable=false, is-layout-requested=false, is-selected=false, layout-params=android.widget.LinearLayout$LayoutParams&#64;c62ef4b, tag=null, root-is-layout-requested=false, has-input-connection=false, x=11.0, y=11.0, text=Molly Member, input-type=0, ime-target=false, has-links=false}
|
+------------&gt;MaterialTextView{id=2131230868, res-name=date, visibility=VISIBLE, width=373, height=44, has-focus=false, has-focusable=false, has-window-focus=true, is-clickable=false, is-enabled=true, is-focused=false, is-focusable=false, is-layout-requested=false, is-selected=false, layout-params=android.widget.LinearLayout$LayoutParams&#64;a0aed28, tag=null, root-is-layout-requested=false, has-input-connection=false, x=11.0, y=85.0, text=Oct 18, 2022, 6:00:50 AM, input-type=0, ime-target=false, has-links=false}
|
+------------&gt;MaterialTextView{id=2131230856, res-name=content, visibility=VISIBLE, width=581, height=59, has-focus=false, has-focusable=false, has-window-focus=true, is-clickable=false, is-enabled=true, is-focused=false, is-focusable=false, is-layout-requested=false, is-selected=false, layout-params=android.widget.LinearLayout$LayoutParams&#64;fd95a41, tag=null, root-is-layout-requested=false, has-input-connection=false, x=11.0, y=129.0, text=Testing Posting Message 111, input-type=0, ime-target=false, has-links=false}
|
+----------&gt;CardView{id=-1, visibility=VISIBLE, width=1058, height=206, has-focus=false, has-focusable=true, has-window-focus=true, is-clickable=true, is-enabled=true, is-focused=false, is-focusable=true, is-layout-requested=false, is-selected=false, layout-params=androidx.recyclerview.widget.RecyclerView$LayoutParams&#64;36f3527, tag=null, root-is-layout-requested=false, has-input-connection=false, x=11.0, y=923.0, child-count=1}
|
+-----------&gt;LinearLayout{id=-1, visibility=VISIBLE, width=1058, height=206, has-focus=false, has-focusable=false, has-window-focus=true, is-clickable=false, is-enabled=true, is-focused=false, is-focusable=false, is-layout-requested=false, is-selected=false, layout-params=android.widget.FrameLayout$LayoutParams&#64;d0ffcc3, tag=null, root-is-layout-requested=false, has-input-connection=false, x=0.0, y=0.0, child-count=3}
|
+------------&gt;MaterialTextView{id=2131231074, res-name=poster, visibility=VISIBLE, width=349, height=74, has-focus=false, has-focusable=false, has-window-focus=true, is-clickable=false, is-enabled=true, is-focused=false, is-focusable=false, is-layout-requested=false, is-selected=false, layout-params=android.widget.LinearLayout$LayoutParams&#64;a43940, tag=null, root-is-layout-requested=false, has-input-connection=false, x=11.0, y=11.0, text=Molly Member, input-type=0, ime-target=false, has-links=false}
|
+------------&gt;MaterialTextView{id=2131230868, res-name=date, visibility=VISIBLE, width=373, height=44, has-focus=false, has-focusable=false, has-window-focus=true, is-clickable=false, is-enabled=true, is-focused=false, is-focusable=false, is-layout-requested=false, is-selected=false, layout-params=android.widget.LinearLayout$LayoutParams&#64;6de1079, tag=null, root-is-layout-requested=false, has-input-connection=false, x=11.0, y=85.0, text=Oct 18, 2022, 5:59:55 AM, input-type=0, ime-target=false, has-links=false}
|
+------------&gt;MaterialTextView{id=2131230856, res-name=content, visibility=VISIBLE, width=506, height=59, has-focus=false, has-focusable=false, has-window-focus=true, is-clickable=false, is-enabled=true, is-focused=false, is-focusable=false, is-layout-requested=false, is-selected=false, layout-params=android.widget.LinearLayout$LayoutParams&#64;c2811be, tag=null, root-is-layout-requested=false, has-input-connection=false, x=11.0, y=129.0, text=A very long line of content, input-type=0, ime-target=false, has-links=false}
|
+----------&gt;CardView{id=-1, visibility=VISIBLE, width=1058, height=206, has-focus=false, has-focusable=true, has-window-focus=true, is-clickable=true, is-enabled=true, is-focused=false, is-focusable=true, is-layout-requested=false, is-selected=false, layout-params=androidx.recyclerview.widget.RecyclerView$LayoutParams&#64;133a96c, tag=null, root-is-layout-requested=false, has-input-connection=false, x=11.0, y=1151.0, child-count=1}
|
+-----------&gt;LinearLayout{id=-1, visibility=VISIBLE, width=1058, height=206, has-focus=false, has-focusable=false, has-window-focus=true, is-clickable=false, is-enabled=true, is-focused=false, is-focusable=false, is-layout-requested=false, is-selected=false, layout-params=android.widget.FrameLayout$LayoutParams&#64;c67f058, tag=null, root-is-layout-requested=false, has-input-connection=false, x=0.0, y=0.0, child-count=3}
|
+------------&gt;MaterialTextView{id=2131231074, res-name=poster, visibility=VISIBLE, width=349, height=74, has-focus=false, has-focusable=false, has-window-focus=true, is-clickable=false, is-enabled=true, is-focused=false, is-focusable=false, is-layout-requested=false, is-selected=false, layout-params=android.widget.LinearLayout$LayoutParams&#64;f8c55b1, tag=null, root-is-layout-requested=false, has-input-connection=false, x=11.0, y=11.0, text=Molly Member, input-type=0, ime-target=false, has-links=false}
|
+------------&gt;MaterialTextView{id=2131230868, res-name=date, visibility=VISIBLE, width=373, height=44, has-focus=false, has-focusable=false, has-window-focus=true, is-clickable=false, is-enabled=true, is-focused=false, is-focusable=false, is-layout-requested=false, is-selected=false, layout-params=android.widget.LinearLayout$LayoutParams&#64;8c29a96, tag=null, root-is-layout-requested=false, has-input-connection=false, x=11.0, y=85.0, text=Oct 18, 2022, 5:59:51 AM, input-type=0, ime-target=false, has-links=false}
|
+------------&gt;MaterialTextView{id=2131230856, res-name=content, visibility=VISIBLE, width=501, height=59, has-focus=false, has-focusable=false, has-window-focus=true, is-clickable=false, is-enabled=true, is-focused=false, is-focusable=false, is-layout-requested=false, is-selected=false, layout-params=android.widget.LinearLayout$LayoutParams&#64;bf9b617, tag=null, root-is-layout-requested=false, has-input-connection=false, x=11.0, y=129.0, text=Testing Deleting 7654321, input-type=0, ime-target=false, has-links=false}
|
+----------&gt;CardView{id=-1, visibility=VISIBLE, width=1058, height=206, has-focus=false, has-focusable=true, has-window-focus=true, is-clickable=true, is-enabled=true, is-focused=false, is-focusable=true, is-layout-requested=false, is-selected=false, layout-params=androidx.recyclerview.widget.RecyclerView$LayoutParams&#64;d5f9bed, tag=null, root-is-layout-requested=false, has-input-connection=false, x=11.0, y=1379.0, child-count=1}
|
+-----------&gt;LinearLayout{id=-1, visibility=VISIBLE, width=1058, height=206, has-focus=false, has-focusable=false, has-window-focus=true, is-clickable=false, is-enabled=true, is-focused=false, is-focusable=false, is-layout-requested=false, is-selected=false, layout-params=android.widget.FrameLayout$LayoutParams&#64;5a709e9, tag=null, root-is-layout-requested=false, has-input-connection=false, x=0.0, y=0.0, child-count=3}
|
+------------&gt;MaterialTextView{id=2131231074, res-name=poster, visibility=VISIBLE, width=349, height=74, has-focus=false, has-focusable=false, has-window-focus=true, is-clickable=false, is-enabled=true, is-focused=false, is-focusable=false, is-layout-requested=false, is-selected=false, layout-params=android.widget.LinearLayout$LayoutParams&#64;5a666e, tag=null, root-is-layout-requested=false, has-input-connection=false, x=11.0, y=11.0, text=Molly Member, input-type=0, ime-target=false, has-links=false}
|
+------------&gt;MaterialTextView{id=2131230868, res-name=date, visibility=VISIBLE, width=373, height=44, has-focus=false, has-focusable=false, has-window-focus=true, is-clickable=false, is-enabled=true, is-focused=false, is-focusable=false, is-layout-requested=false, is-selected=false, layout-params=android.widget.LinearLayout$LayoutParams&#64;8c7510f, tag=null, root-is-layout-requested=false, has-input-connection=false, x=11.0, y=85.0, text=Oct 18, 2022, 5:59:47 AM, input-type=0, ime-target=false, has-links=false}
|
+------------&gt;MaterialTextView{id=2131230856, res-name=content, visibility=VISIBLE, width=501, height=59, has-focus=false, has-focusable=false, has-window-focus=true, is-clickable=false, is-enabled=true, is-focused=false, is-focusable=false, is-layout-requested=false, is-selected=false, layout-params=android.widget.LinearLayout$LayoutParams&#64;82a459c, tag=null, root-is-layout-requested=false, has-input-connection=false, x=11.0, y=129.0, text=Testing Deleting 1234567, input-type=0, ime-target=false, has-links=false}
|
+----------&gt;CardView{id=-1, visibility=VISIBLE, width=1058, height=206, has-focus=false, has-focusable=true, has-window-focus=true, is-clickable=true, is-enabled=true, is-focused=false, is-focusable=true, is-layout-requested=false, is-selected=false, layout-params=androidx.recyclerview.widget.RecyclerView$LayoutParams&#64;fca7b7a, tag=null, root-is-layout-requested=false, has-input-connection=false, x=11.0, y=1607.0, child-count=1}
|
+-----------&gt;LinearLayout{id=-1, visibility=VISIBLE, width=1058, height=206, has-focus=false, has-focusable=false, has-window-focus=true, is-clickable=false, is-enabled=true, is-focused=false, is-focusable=false, is-layout-requested=false, is-selected=false, layout-params=android.widget.FrameLayout$LayoutParams&#64;6f4d546, tag=null, root-is-layout-requested=false, has-input-connection=false, x=0.0, y=0.0, child-count=3}
|
+------------&gt;MaterialTextView{id=2131231074, res-name=poster, visibility=VISIBLE, width=349, height=74, has-focus=false, has-focusable=false, has-window-focus=true, is-clickable=false, is-enabled=true, is-focused=false, is-focusable=false, is-layout-requested=false, is-selected=false, layout-params=android.widget.LinearLayout$LayoutParams&#64;95e5307, tag=null, root-is-layout-requested=false, has-input-connection=false, x=11.0, y=11.0, text=Molly Member, input-type=0, ime-target=false, has-links=false}
|
+------------&gt;MaterialTextView{id=2131230868, res-name=date, visibility=VISIBLE, width=373, height=44, has-focus=false, has-focusable=false, has-window-focus=true, is-clickable=false, is-enabled=true, is-focused=false, is-focusable=false, is-layout-requested=false, is-selected=false, layout-params=android.widget.LinearLayout$LayoutParams&#64;8dfac34, tag=null, root-is-layout-requested=false, has-input-connection=false, x=11.0, y=85.0, text=Oct 18, 2022, 5:59:35 AM, input-type=0, ime-target=false, has-links=false}
|
+------------&gt;MaterialTextView{id=2131230856, res-name=content, visibility=VISIBLE, width=581, height=59, has-focus=false, has-focusable=false, has-window-focus=true, is-clickable=false, is-enabled=true, is-focused=false, is-focusable=false, is-layout-requested=false, is-selected=false, layout-params=android.widget.LinearLayout$LayoutParams&#64;1ec5a5d, tag=null, root-is-layout-requested=false, has-input-connection=false, x=11.0, y=129.0, text=Testing Posting Message 111, input-type=0, ime-target=false, has-links=false}
|
+----------&gt;CardView{id=-1, visibility=VISIBLE, width=1058, height=206, has-focus=false, has-focusable=true, has-window-focus=true, is-clickable=true, is-enabled=true, is-focused=false, is-focusable=true, is-layout-requested=false, is-selected=false, layout-params=androidx.recyclerview.widget.RecyclerView$LayoutParams&#64;50318a3, tag=null, root-is-layout-requested=false, has-input-connection=false, x=11.0, y=1835.0, child-count=1}
|
+-----------&gt;LinearLayout{id=-1, visibility=VISIBLE, width=1058, height=206, has-focus=false, has-focusable=false, has-window-focus=true, is-clickable=false, is-enabled=true, is-focused=false, is-focusable=false, is-layout-requested=false, is-selected=false, layout-params=android.widget.FrameLayout$LayoutParams&#64;2a49bff, tag=null, root-is-layout-requested=false, has-input-connection=false, x=0.0, y=0.0, child-count=3}
|
+------------&gt;MaterialTextView{id=2131231074, res-name=poster, visibility=VISIBLE, width=349, height=74, has-focus=false, has-focusable=false, has-window-focus=true, is-clickable=false, is-enabled=true, is-focused=false, is-focusable=false, is-layout-requested=false, is-selected=false, layout-params=android.widget.LinearLayout$LayoutParams&#64;dd84dcc, tag=null, root-is-layout-requested=false, has-input-connection=false, x=11.0, y=11.0, text=Molly Member, input-type=0, ime-target=false, has-links=false}
|
+------------&gt;MaterialTextView{id=2131230868, res-name=date, visibility=VISIBLE, width=373, height=44, has-focus=false, has-focusable=false, has-window-focus=true, is-clickable=false, is-enabled=true, is-focused=false, is-focusable=false, is-layout-requested=false, is-selected=false, layout-params=android.widget.LinearLayout$LayoutParams&#64;4957815, tag=null, root-is-layout-requested=false, has-input-connection=false, x=11.0, y=85.0, text=Oct 18, 2022, 5:56:00 AM, input-type=0, ime-target=false, has-links=false}
|
+------------&gt;MaterialTextView{id=2131230856, res-name=content, visibility=VISIBLE, width=581, height=59, has-focus=false, has-focusable=false, has-window-focus=true, is-clickable=false, is-enabled=true, is-focused=false, is-focusable=false, is-layout-requested=false, is-selected=false, layout-params=android.widget.LinearLayout$LayoutParams&#64;378b72a, tag=null, root-is-layout-requested=false, has-input-connection=false, x=11.0, y=129.0, text=Testing Posting Message 111, input-type=0, ime-target=false, has-links=false}
|
+----------&gt;CardView{id=-1, visibility=VISIBLE, width=1058, height=206, has-focus=false, has-focusable=true, has-window-focus=true, is-clickable=true, is-enabled=true, is-focused=false, is-focusable=true, is-layout-requested=false, is-selected=false, layout-params=androidx.recyclerview.widget.RecyclerView$LayoutParams&#64;b227ab8, tag=null, root-is-layout-requested=false, has-input-connection=false, x=11.0, y=2063.0, child-count=1}
|
+-----------&gt;LinearLayout{id=-1, visibility=VISIBLE, width=1058, height=206, has-focus=false, has-focusable=false, has-window-focus=true, is-clickable=false, is-enabled=true, is-focused=false, is-focusable=false, is-layout-requested=false, is-selected=false, layout-params=android.widget.FrameLayout$LayoutParams&#64;ee08a64, tag=null, root-is-layout-requested=false, has-input-connection=false, x=0.0, y=0.0, child-count=3}
|
+------------&gt;MaterialTextView{id=2131231074, res-name=poster, visibility=VISIBLE, width=349, height=74, has-focus=false, has-focusable=false, has-window-focus=true, is-clickable=false, is-enabled=true, is-focused=false, is-focusable=false, is-layout-requested=false, is-selected=false, layout-params=android.widget.LinearLayout$LayoutParams&#64;d1d94cd, tag=null, root-is-layout-requested=false, has-input-connection=false, x=11.0, y=11.0, text=Molly Member, input-type=0, ime-target=false, has-links=false}
|
+------------&gt;MaterialTextView{id=2131230868, res-name=date, visibility=VISIBLE, width=373, height=44, has-focus=false, has-focusable=false, has-window-focus=true, is-clickable=false, is-enabled=true, is-focused=false, is-focusable=false, is-layout-requested=false, is-selected=false, layout-params=android.widget.LinearLayout$LayoutParams&#64;c7d0182, tag=null, root-is-layout-requested=false, has-input-connection=false, x=11.0, y=85.0, text=Oct 18, 2022, 5:03:10 AM, input-type=0, ime-target=false, has-links=false}
|
+------------&gt;MaterialTextView{id=2131230856, res-name=content, visibility=VISIBLE, width=949, height=59, has-focus=false, has-focusable=false, has-window-focus=true, is-clickable=false, is-enabled=true, is-focused=false, is-focusable=false, is-layout-requested=false, is-selected=false, layout-params=android.widget.LinearLayout$LayoutParams&#64;43b7093, tag=null, root-is-layout-requested=false, has-input-connection=false, x=11.0, y=129.0, text=This is test #4 of Advanced. Good luck everyone!, input-type=0, ime-target=false, has-links=false}
|
+---------&gt;FloatingActionButton{id=2131230913, res-name=fab, desc=Fab, visibility=VISIBLE, width=154, height=154, has-focus=false, has-focusable=true, has-window-focus=true, is-clickable=true, is-enabled=true, is-focused=false, is-focusable=true, is-layout-requested=false, is-selected=false, layout-params=androidx.constraintlayout.widget.ConstraintLayout$LayoutParams&#64;e4de8d0, tag=null, root-is-layout-requested=false, has-input-connection=false, x=882.0, y=1878.0}
|
+----&gt;ActionBarContainer{id=2131230773, res-name=action_bar_container, visibility=VISIBLE, width=1080, height=154, has-focus=false, has-focusable=false, has-window-focus=true, is-clickable=false, is-enabled=true, is-focused=false, is-focusable=false, is-layout-requested=false, is-selected=false, layout-params=androidx.appcompat.widget.ActionBarOverlayLayout$LayoutParams&#64;8a282ef, tag=null, root-is-layout-requested=false, has-input-connection=false, x=0.0, y=0.0, child-count=2}
|
+-----&gt;Toolbar{id=2131230771, res-name=action_bar, visibility=VISIBLE, width=1080, height=154, has-focus=false, has-focusable=false, has-window-focus=true, is-clickable=false, is-enabled=true, is-focused=false, is-focusable=false, is-layout-requested=false, is-selected=false, layout-params=android.widget.FrameLayout$LayoutParams&#64;a859085, tag=null, root-is-layout-requested=false, has-input-connection=false, x=0.0, y=0.0, child-count=3}
|
+------&gt;AppCompatTextView{id=-1, visibility=VISIBLE, width=361, height=74, has-focus=false, has-focusable=false, has-window-focus=true, is-clickable=false, is-enabled=true, is-focused=false, is-focusable=false, is-layout-requested=false, is-selected=false, layout-params=androidx.appcompat.widget.Toolbar$LayoutParams&#64;8c53eda, tag=null, root-is-layout-requested=false, has-input-connection=false, x=198.0, y=40.0, text=Molly Member, input-type=0, ime-target=false, has-links=false}
|
+------&gt;ActionMenuView{id=-1, visibility=VISIBLE, width=0, height=154, has-focus=false, has-focusable=false, has-window-focus=true, is-clickable=false, is-enabled=true, is-focused=false, is-focusable=false, is-layout-requested=false, is-selected=false, layout-params=androidx.appcompat.widget.Toolbar$LayoutParams&#64;bbe5f0b, tag=null, root-is-layout-requested=false, has-input-connection=false, x=1080.0, y=0.0, child-count=0}
|
+------&gt;AppCompatImageButton{id=-1, desc=Navigate up, visibility=VISIBLE, width=154, height=154, has-focus=false, has-focusable=false, has-window-focus=true, is-clickable=true, is-enabled=true, is-focused=false, is-focusable=true, is-layout-requested=false, is-selected=false, layout-params=androidx.appcompat.widget.Toolbar$LayoutParams&#64;e8601e8, tag=null, root-is-layout-requested=false, has-input-connection=false, x=0.0, y=0.0}
|
+-----&gt;ActionBarContextView{id=2131230780, res-name=action_context_bar, visibility=GONE, width=0, height=0, has-focus=false, has-focusable=false, has-window-focus=true, is-clickable=false, is-enabled=true, is-focused=false, is-focusable=false, is-layout-requested=true, is-selected=false, layout-params=android.widget.FrameLayout$LayoutParams&#64;513b001, tag=null, root-is-layout-requested=false, has-input-connection=false, x=0.0, y=0.0, child-count=0}
|
+-&gt;View{id=16908336, res-name=navigationBarBackground, visibility=VISIBLE, width=1080, height=44, has-focus=false, has-focusable=false, has-window-focus=true, is-clickable=false, is-enabled=true, is-focused=false, is-focusable=false, is-layout-requested=false, is-selected=false, layout-params=android.widget.FrameLayout$LayoutParams&#64;ac86ea6, tag=null, root-is-layout-requested=false, has-input-connection=false, x=0.0, y=2296.0}
|
+-&gt;View{id=16908335, res-name=statusBarBackground, visibility=VISIBLE, width=1080, height=66, has-focus=false, has-focusable=false, has-window-focus=true, is-clickable=false, is-enabled=true, is-focused=false, is-focusable=false, is-layout-requested=false, is-selected=false, layout-params=android.widget.FrameLayout$LayoutParams&#64;371e0e7, tag=null, root-is-layout-requested=false, has-input-connection=false, x=0.0, y=0.0}
at dalvik.system.VMStack.getThreadStackTrace(Native Method)
at java.lang.Thread.getStackTrace(Thread.java:1724)
at androidx.test.espresso.base.DefaultFailureHandler.getUserFriendlyError(DefaultFailureHandler.java:12)
at androidx.test.espresso.base.DefaultFailureHandler.handle(DefaultFailureHandler.java:7)
at androidx.test.espresso.ViewInteraction.waitForAndHandleInteractionResults(ViewInteraction.java:8)
at androidx.test.espresso.ViewInteraction.desugaredPerform(ViewInteraction.java:11)
at androidx.test.espresso.ViewInteraction.perform(ViewInteraction.java:4)
at edu.ucsc.cse118.assignment3.TestHelper.waitForView(TestHelper.kt:48)
at edu.ucsc.cse118.assignment3.TestHelper.waitForView$default(TestHelper.kt:39)
at edu.ucsc.cse118.assignment3.TestHelper.waitForText(TestHelper.kt:60)
at edu.ucsc.cse118.assignment3.BasicTest.construction_channel_framing_message_ranice(BasicTest.kt:68)</failure>
  </testcase>
  <testcase name="construction_channel_framing_message_ranice_date" classname="edu.ucsc.cse118.assignment3.BasicTest" time="9.15">
    <failure>androidx.test.espresso.NoMatchingViewException: No views in hierarchy found matching: an instance of android.widget.TextView and view.getText() with or without transformation to match: is "Jul 21, 2022, 10:42:36 AM"

View Hierarchy:
+&gt;DecorView{id=-1, visibility=VISIBLE, width=1080, height=2340, has-focus=false, has-focusable=true, has-window-focus=true, is-clickable=false, is-enabled=true, is-focused=false, is-focusable=false, is-layout-requested=false, is-selected=false, layout-params={(0,0)(fillxfill) ty=BASE_APPLICATION wanim=0x10302fe
fl=LAYOUT_IN_SCREEN LAYOUT_INSET_DECOR SPLIT_TOUCH HARDWARE_ACCELERATED DRAWS_SYSTEM_BAR_BACKGROUNDS
pfl=NO_MOVE_ANIMATION FORCE_DRAW_STATUS_BAR_BACKGROUND FIT_INSETS_CONTROLLED
bhv=DEFAULT
fitSides=}, tag=null, root-is-layout-requested=false, has-input-connection=false, x=0.0, y=0.0, child-count=3}
|
+-&gt;LinearLayout{id=-1, visibility=VISIBLE, width=1080, height=2296, has-focus=false, has-focusable=true, has-window-focus=true, is-clickable=false, is-enabled=true, is-focused=false, is-focusable=false, is-layout-requested=false, is-selected=false, layout-params=android.widget.FrameLayout$LayoutParams&#64;7f8d4af, tag=null, root-is-layout-requested=false, has-input-connection=false, x=0.0, y=0.0, child-count=2}
|
+--&gt;ViewStub{id=16908723, res-name=action_mode_bar_stub, visibility=GONE, width=0, height=0, has-focus=false, has-focusable=false, has-window-focus=true, is-clickable=false, is-enabled=true, is-focused=false, is-focusable=false, is-layout-requested=true, is-selected=false, layout-params=android.widget.LinearLayout$LayoutParams&#64;41a10bc, tag=null, root-is-layout-requested=false, has-input-connection=false, x=0.0, y=0.0}
|
+--&gt;FrameLayout{id=-1, visibility=VISIBLE, width=1080, height=2230, has-focus=false, has-focusable=true, has-window-focus=true, is-clickable=false, is-enabled=true, is-focused=false, is-focusable=false, is-layout-requested=false, is-selected=false, layout-params=android.widget.LinearLayout$LayoutParams&#64;f960b9a, tag=null, root-is-layout-requested=false, has-input-connection=false, x=0.0, y=66.0, child-count=1}
|
+---&gt;ActionBarOverlayLayout{id=2131230872, res-name=decor_content_parent, visibility=VISIBLE, width=1080, height=2230, has-focus=false, has-focusable=true, has-window-focus=true, is-clickable=false, is-enabled=true, is-focused=false, is-focusable=false, is-layout-requested=false, is-selected=false, layout-params=android.widget.FrameLayout$LayoutParams&#64;d880ccb, tag=null, root-is-layout-requested=false, has-input-connection=false, x=0.0, y=0.0, child-count=2}
|
+----&gt;ContentFrameLayout{id=16908290, res-name=content, visibility=VISIBLE, width=1080, height=2076, has-focus=false, has-focusable=true, has-window-focus=true, is-clickable=false, is-enabled=true, is-focused=false, is-focusable=false, is-layout-requested=false, is-selected=false, layout-params=androidx.appcompat.widget.ActionBarOverlayLayout$LayoutParams&#64;6d173c1, tag=null, root-is-layout-requested=false, has-input-connection=false, x=0.0, y=154.0, child-count=1}
|
+-----&gt;ConstraintLayout{id=-1, visibility=VISIBLE, width=1080, height=2076, has-focus=false, has-focusable=true, has-window-focus=true, is-clickable=false, is-enabled=true, is-focused=false, is-focusable=false, is-layout-requested=false, is-selected=false, layout-params=android.widget.FrameLayout$LayoutParams&#64;188aaa7, tag=null, root-is-layout-requested=false, has-input-connection=false, x=0.0, y=0.0, child-count=1}
|
+------&gt;FragmentContainerView{id=2131231033, res-name=nav_host_fragment, visibility=VISIBLE, width=1080, height=2076, has-focus=false, has-focusable=true, has-window-focus=true, is-clickable=false, is-enabled=true, is-focused=false, is-focusable=false, is-layout-requested=false, is-selected=false, layout-params=androidx.constraintlayout.widget.ConstraintLayout$LayoutParams&#64;7408afd, tag=null, root-is-layout-requested=false, has-input-connection=false, x=0.0, y=0.0, child-count=1}
|
+-------&gt;FragmentContainerView{id=2131231033, res-name=nav_host_fragment, visibility=VISIBLE, width=1080, height=2076, has-focus=false, has-focusable=true, has-window-focus=true, is-clickable=false, is-enabled=true, is-focused=false, is-focusable=false, is-layout-requested=false, is-selected=false, layout-params=android.widget.FrameLayout$LayoutParams&#64;f0b4a43, tag=null, root-is-layout-requested=false, has-input-connection=false, x=0.0, y=0.0, child-count=1}
|
+--------&gt;ConstraintLayout{id=-1, visibility=VISIBLE, width=1080, height=2076, has-focus=false, has-focusable=true, has-window-focus=true, is-clickable=false, is-enabled=true, is-focused=false, is-focusable=false, is-layout-requested=false, is-selected=false, layout-params=android.widget.FrameLayout$LayoutParams&#64;73fdd3e, tag=null, root-is-layout-requested=false, has-input-connection=false, x=0.0, y=0.0, child-count=2}
|
+---------&gt;RecyclerView{id=2131231080, res-name=recyclerview, visibility=VISIBLE, width=1080, height=2076, has-focus=false, has-focusable=true, has-window-focus=true, is-clickable=false, is-enabled=true, is-focused=false, is-focusable=true, is-layout-requested=false, is-selected=false, layout-params=androidx.constraintlayout.widget.ConstraintLayout$LayoutParams&#64;af2d6d, tag=null, root-is-layout-requested=false, has-input-connection=false, x=0.0, y=0.0, child-count=10}
|
+----------&gt;CardView{id=-1, visibility=VISIBLE, width=1058, height=206, has-focus=false, has-focusable=true, has-window-focus=true, is-clickable=true, is-enabled=true, is-focused=false, is-focusable=true, is-layout-requested=false, is-selected=false, layout-params=androidx.recyclerview.widget.RecyclerView$LayoutParams&#64;6034a33, tag=null, root-is-layout-requested=false, has-input-connection=false, x=11.0, y=11.0, child-count=1}
|
+-----------&gt;LinearLayout{id=-1, visibility=VISIBLE, width=1058, height=206, has-focus=false, has-focusable=false, has-window-focus=true, is-clickable=false, is-enabled=true, is-focused=false, is-focusable=false, is-layout-requested=false, is-selected=false, layout-params=android.widget.FrameLayout$LayoutParams&#64;59e568f, tag=null, root-is-layout-requested=false, has-input-connection=false, x=0.0, y=0.0, child-count=3}
|
+------------&gt;MaterialTextView{id=2131231074, res-name=poster, visibility=VISIBLE, width=349, height=74, has-focus=false, has-focusable=false, has-window-focus=true, is-clickable=false, is-enabled=true, is-focused=false, is-focusable=false, is-layout-requested=false, is-selected=false, layout-params=android.widget.LinearLayout$LayoutParams&#64;4649d1c, tag=null, root-is-layout-requested=false, has-input-connection=false, x=11.0, y=11.0, text=Molly Member, input-type=0, ime-target=false, has-links=false}
|
+------------&gt;MaterialTextView{id=2131230868, res-name=date, visibility=VISIBLE, width=373, height=44, has-focus=false, has-focusable=false, has-window-focus=true, is-clickable=false, is-enabled=true, is-focused=false, is-focusable=false, is-layout-requested=false, is-selected=false, layout-params=android.widget.LinearLayout$LayoutParams&#64;65d9d25, tag=null, root-is-layout-requested=false, has-input-connection=false, x=11.0, y=85.0, text=Oct 18, 2022, 6:04:28 AM, input-type=0, ime-target=false, has-links=false}
|
+------------&gt;MaterialTextView{id=2131230856, res-name=content, visibility=VISIBLE, width=506, height=59, has-focus=false, has-focusable=false, has-window-focus=true, is-clickable=false, is-enabled=true, is-focused=false, is-focusable=false, is-layout-requested=false, is-selected=false, layout-params=android.widget.LinearLayout$LayoutParams&#64;b5b5efa, tag=null, root-is-layout-requested=false, has-input-connection=false, x=11.0, y=129.0, text=A very long line of content, input-type=0, ime-target=false, has-links=false}
|
+----------&gt;CardView{id=-1, visibility=VISIBLE, width=1058, height=206, has-focus=false, has-focusable=true, has-window-focus=true, is-clickable=true, is-enabled=true, is-focused=false, is-focusable=true, is-layout-requested=false, is-selected=false, layout-params=androidx.recyclerview.widget.RecyclerView$LayoutParams&#64;1ac6f08, tag=null, root-is-layout-requested=false, has-input-connection=false, x=11.0, y=239.0, child-count=1}
|
+-----------&gt;LinearLayout{id=-1, visibility=VISIBLE, width=1058, height=206, has-focus=false, has-focusable=false, has-window-focus=true, is-clickable=false, is-enabled=true, is-focused=false, is-focusable=false, is-layout-requested=false, is-selected=false, layout-params=android.widget.FrameLayout$LayoutParams&#64;81d73b4, tag=null, root-is-layout-requested=false, has-input-connection=false, x=0.0, y=0.0, child-count=3}
|
+------------&gt;MaterialTextView{id=2131231074, res-name=poster, visibility=VISIBLE, width=349, height=74, has-focus=false, has-focusable=false, has-window-focus=true, is-clickable=false, is-enabled=true, is-focused=false, is-focusable=false, is-layout-requested=false, is-selected=false, layout-params=android.widget.LinearLayout$LayoutParams&#64;f034bdd, tag=null, root-is-layout-requested=false, has-input-connection=false, x=11.0, y=11.0, text=Molly Member, input-type=0, ime-target=false, has-links=false}
|
+------------&gt;MaterialTextView{id=2131230868, res-name=date, visibility=VISIBLE, width=373, height=44, has-focus=false, has-focusable=false, has-window-focus=true, is-clickable=false, is-enabled=true, is-focused=false, is-focusable=false, is-layout-requested=false, is-selected=false, layout-params=android.widget.LinearLayout$LayoutParams&#64;f72d352, tag=null, root-is-layout-requested=false, has-input-connection=false, x=11.0, y=85.0, text=Oct 18, 2022, 6:04:09 AM, input-type=0, ime-target=false, has-links=false}
|
+------------&gt;MaterialTextView{id=2131230856, res-name=content, visibility=VISIBLE, width=506, height=59, has-focus=false, has-focusable=false, has-window-focus=true, is-clickable=false, is-enabled=true, is-focused=false, is-focusable=false, is-layout-requested=false, is-selected=false, layout-params=android.widget.LinearLayout$LayoutParams&#64;3b32623, tag=null, root-is-layout-requested=false, has-input-connection=false, x=11.0, y=129.0, text=A very long line of content, input-type=0, ime-target=false, has-links=false}
|
+----------&gt;CardView{id=-1, visibility=VISIBLE, width=1058, height=206, has-focus=false, has-focusable=true, has-window-focus=true, is-clickable=true, is-enabled=true, is-focused=false, is-focusable=true, is-layout-requested=false, is-selected=false, layout-params=androidx.recyclerview.widget.RecyclerView$LayoutParams&#64;56dc8d9, tag=null, root-is-layout-requested=false, has-input-connection=false, x=11.0, y=467.0, child-count=1}
|
+-----------&gt;LinearLayout{id=-1, visibility=VISIBLE, width=1058, height=206, has-focus=false, has-focusable=false, has-window-focus=true, is-clickable=false, is-enabled=true, is-focused=false, is-focusable=false, is-layout-requested=false, is-selected=false, layout-params=android.widget.FrameLayout$LayoutParams&#64;c691995, tag=null, root-is-layout-requested=false, has-input-connection=false, x=0.0, y=0.0, child-count=3}
|
+------------&gt;MaterialTextView{id=2131231074, res-name=poster, visibility=VISIBLE, width=349, height=74, has-focus=false, has-focusable=false, has-window-focus=true, is-clickable=false, is-enabled=true, is-focused=false, is-focusable=false, is-layout-requested=false, is-selected=false, layout-params=android.widget.LinearLayout$LayoutParams&#64;cc97aaa, tag=null, root-is-layout-requested=false, has-input-connection=false, x=11.0, y=11.0, text=Molly Member, input-type=0, ime-target=false, has-links=false}
|
+------------&gt;MaterialTextView{id=2131230868, res-name=date, visibility=VISIBLE, width=373, height=44, has-focus=false, has-focusable=false, has-window-focus=true, is-clickable=false, is-enabled=true, is-focused=false, is-focusable=false, is-layout-requested=false, is-selected=false, layout-params=android.widget.LinearLayout$LayoutParams&#64;ea5369b, tag=null, root-is-layout-requested=false, has-input-connection=false, x=11.0, y=85.0, text=Oct 18, 2022, 6:01:06 AM, input-type=0, ime-target=false, has-links=false}
|
+------------&gt;MaterialTextView{id=2131230856, res-name=content, visibility=VISIBLE, width=501, height=59, has-focus=false, has-focusable=false, has-window-focus=true, is-clickable=false, is-enabled=true, is-focused=false, is-focusable=false, is-layout-requested=false, is-selected=false, layout-params=android.widget.LinearLayout$LayoutParams&#64;9ddaa38, tag=null, root-is-layout-requested=false, has-input-connection=false, x=11.0, y=129.0, text=Testing Deleting 7654321, input-type=0, ime-target=false, has-links=false}
|
+----------&gt;CardView{id=-1, visibility=VISIBLE, width=1058, height=206, has-focus=false, has-focusable=true, has-window-focus=true, is-clickable=true, is-enabled=true, is-focused=false, is-focusable=true, is-layout-requested=false, is-selected=false, layout-params=androidx.recyclerview.widget.RecyclerView$LayoutParams&#64;f9c9776, tag=null, root-is-layout-requested=false, has-input-connection=false, x=11.0, y=695.0, child-count=1}
|
+-----------&gt;LinearLayout{id=-1, visibility=VISIBLE, width=1058, height=206, has-focus=false, has-focusable=false, has-window-focus=true, is-clickable=false, is-enabled=true, is-focused=false, is-focusable=false, is-layout-requested=false, is-selected=false, layout-params=android.widget.FrameLayout$LayoutParams&#64;fb2b502, tag=null, root-is-layout-requested=false, has-input-connection=false, x=0.0, y=0.0, child-count=3}
|
+------------&gt;MaterialTextView{id=2131231074, res-name=poster, visibility=VISIBLE, width=349, height=74, has-focus=false, has-focusable=false, has-window-focus=true, is-clickable=false, is-enabled=true, is-focused=false, is-focusable=false, is-layout-requested=false, is-selected=false, layout-params=android.widget.LinearLayout$LayoutParams&#64;3c9de13, tag=null, root-is-layout-requested=false, has-input-connection=false, x=11.0, y=11.0, text=Molly Member, input-type=0, ime-target=false, has-links=false}
|
+------------&gt;MaterialTextView{id=2131230868, res-name=date, visibility=VISIBLE, width=373, height=44, has-focus=false, has-focusable=false, has-window-focus=true, is-clickable=false, is-enabled=true, is-focused=false, is-focusable=false, is-layout-requested=false, is-selected=false, layout-params=android.widget.LinearLayout$LayoutParams&#64;44f8850, tag=null, root-is-layout-requested=false, has-input-connection=false, x=11.0, y=85.0, text=Oct 18, 2022, 6:01:02 AM, input-type=0, ime-target=false, has-links=false}
|
+------------&gt;MaterialTextView{id=2131230856, res-name=content, visibility=VISIBLE, width=501, height=59, has-focus=false, has-focusable=false, has-window-focus=true, is-clickable=false, is-enabled=true, is-focused=false, is-focusable=false, is-layout-requested=false, is-selected=false, layout-params=android.widget.LinearLayout$LayoutParams&#64;f459a49, tag=null, root-is-layout-requested=false, has-input-connection=false, x=11.0, y=129.0, text=Testing Deleting 1234567, input-type=0, ime-target=false, has-links=false}
|
+----------&gt;CardView{id=-1, visibility=VISIBLE, width=1058, height=206, has-focus=false, has-focusable=true, has-window-focus=true, is-clickable=true, is-enabled=true, is-focused=false, is-focusable=true, is-layout-requested=false, is-selected=false, layout-params=androidx.recyclerview.widget.RecyclerView$LayoutParams&#64;a6a486f, tag=null, root-is-layout-requested=false, has-input-connection=false, x=11.0, y=923.0, child-count=1}
|
+-----------&gt;LinearLayout{id=-1, visibility=VISIBLE, width=1058, height=206, has-focus=false, has-focusable=false, has-window-focus=true, is-clickable=false, is-enabled=true, is-focused=false, is-focusable=false, is-layout-requested=false, is-selected=false, layout-params=android.widget.FrameLayout$LayoutParams&#64;5fcfc8b, tag=null, root-is-layout-requested=false, has-input-connection=false, x=0.0, y=0.0, child-count=3}
|
+------------&gt;MaterialTextView{id=2131231074, res-name=poster, visibility=VISIBLE, width=349, height=74, has-focus=false, has-focusable=false, has-window-focus=true, is-clickable=false, is-enabled=true, is-focused=false, is-focusable=false, is-layout-requested=false, is-selected=false, layout-params=android.widget.LinearLayout$LayoutParams&#64;2c1168, tag=null, root-is-layout-requested=false, has-input-connection=false, x=11.0, y=11.0, text=Molly Member, input-type=0, ime-target=false, has-links=false}
|
+------------&gt;MaterialTextView{id=2131230868, res-name=date, visibility=VISIBLE, width=373, height=44, has-focus=false, has-focusable=false, has-window-focus=true, is-clickable=false, is-enabled=true, is-focused=false, is-focusable=false, is-layout-requested=false, is-selected=false, layout-params=android.widget.LinearLayout$LayoutParams&#64;e814981, tag=null, root-is-layout-requested=false, has-input-connection=false, x=11.0, y=85.0, text=Oct 18, 2022, 6:00:50 AM, input-type=0, ime-target=false, has-links=false}
|
+------------&gt;MaterialTextView{id=2131230856, res-name=content, visibility=VISIBLE, width=581, height=59, has-focus=false, has-focusable=false, has-window-focus=true, is-clickable=false, is-enabled=true, is-focused=false, is-focusable=false, is-layout-requested=false, is-selected=false, layout-params=android.widget.LinearLayout$LayoutParams&#64;c37ca26, tag=null, root-is-layout-requested=false, has-input-connection=false, x=11.0, y=129.0, text=Testing Posting Message 111, input-type=0, ime-target=false, has-links=false}
|
+----------&gt;CardView{id=-1, visibility=VISIBLE, width=1058, height=206, has-focus=false, has-focusable=true, has-window-focus=true, is-clickable=true, is-enabled=true, is-focused=false, is-focusable=true, is-layout-requested=false, is-selected=false, layout-params=androidx.recyclerview.widget.RecyclerView$LayoutParams&#64;e64dc14, tag=null, root-is-layout-requested=false, has-input-connection=false, x=11.0, y=1151.0, child-count=1}
|
+-----------&gt;LinearLayout{id=-1, visibility=VISIBLE, width=1058, height=206, has-focus=false, has-focusable=false, has-window-focus=true, is-clickable=false, is-enabled=true, is-focused=false, is-focusable=false, is-layout-requested=false, is-selected=false, layout-params=android.widget.FrameLayout$LayoutParams&#64;4bda580, tag=null, root-is-layout-requested=false, has-input-connection=false, x=0.0, y=0.0, child-count=3}
|
+------------&gt;MaterialTextView{id=2131231074, res-name=poster, visibility=VISIBLE, width=349, height=74, has-focus=false, has-focusable=false, has-window-focus=true, is-clickable=false, is-enabled=true, is-focused=false, is-focusable=false, is-layout-requested=false, is-selected=false, layout-params=android.widget.LinearLayout$LayoutParams&#64;e2ca7b9, tag=null, root-is-layout-requested=false, has-input-connection=false, x=11.0, y=11.0, text=Molly Member, input-type=0, ime-target=false, has-links=false}
|
+------------&gt;MaterialTextView{id=2131230868, res-name=date, visibility=VISIBLE, width=373, height=44, has-focus=false, has-focusable=false, has-window-focus=true, is-clickable=false, is-enabled=true, is-focused=false, is-focusable=false, is-layout-requested=false, is-selected=false, layout-params=android.widget.LinearLayout$LayoutParams&#64;633f7fe, tag=null, root-is-layout-requested=false, has-input-connection=false, x=11.0, y=85.0, text=Oct 18, 2022, 5:59:55 AM, input-type=0, ime-target=false, has-links=false}
|
+------------&gt;MaterialTextView{id=2131230856, res-name=content, visibility=VISIBLE, width=506, height=59, has-focus=false, has-focusable=false, has-window-focus=true, is-clickable=false, is-enabled=true, is-focused=false, is-focusable=false, is-layout-requested=false, is-selected=false, layout-params=android.widget.LinearLayout$LayoutParams&#64;6242b5f, tag=null, root-is-layout-requested=false, has-input-connection=false, x=11.0, y=129.0, text=A very long line of content, input-type=0, ime-target=false, has-links=false}
|
+----------&gt;CardView{id=-1, visibility=VISIBLE, width=1058, height=206, has-focus=false, has-focusable=true, has-window-focus=true, is-clickable=true, is-enabled=true, is-focused=false, is-focusable=true, is-layout-requested=false, is-selected=false, layout-params=androidx.recyclerview.widget.RecyclerView$LayoutParams&#64;ae70675, tag=null, root-is-layout-requested=false, has-input-connection=false, x=11.0, y=1379.0, child-count=1}
|
+-----------&gt;LinearLayout{id=-1, visibility=VISIBLE, width=1058, height=206, has-focus=false, has-focusable=false, has-window-focus=true, is-clickable=false, is-enabled=true, is-focused=false, is-focusable=false, is-layout-requested=false, is-selected=false, layout-params=android.widget.FrameLayout$LayoutParams&#64;8ae94f1, tag=null, root-is-layout-requested=false, has-input-connection=false, x=0.0, y=0.0, child-count=3}
|
+------------&gt;MaterialTextView{id=2131231074, res-name=poster, visibility=VISIBLE, width=349, height=74, has-focus=false, has-focusable=false, has-window-focus=true, is-clickable=false, is-enabled=true, is-focused=false, is-focusable=false, is-layout-requested=false, is-selected=false, layout-params=android.widget.LinearLayout$LayoutParams&#64;71d08d6, tag=null, root-is-layout-requested=false, has-input-connection=false, x=11.0, y=11.0, text=Molly Member, input-type=0, ime-target=false, has-links=false}
|
+------------&gt;MaterialTextView{id=2131230868, res-name=date, visibility=VISIBLE, width=373, height=44, has-focus=false, has-focusable=false, has-window-focus=true, is-clickable=false, is-enabled=true, is-focused=false, is-focusable=false, is-layout-requested=false, is-selected=false, layout-params=android.widget.LinearLayout$LayoutParams&#64;b922757, tag=null, root-is-layout-requested=false, has-input-connection=false, x=11.0, y=85.0, text=Oct 18, 2022, 5:59:51 AM, input-type=0, ime-target=false, has-links=false}
|
+------------&gt;MaterialTextView{id=2131230856, res-name=content, visibility=VISIBLE, width=501, height=59, has-focus=false, has-focusable=false, has-window-focus=true, is-clickable=false, is-enabled=true, is-focused=false, is-focusable=false, is-layout-requested=false, is-selected=false, layout-params=android.widget.LinearLayout$LayoutParams&#64;9817244, tag=null, root-is-layout-requested=false, has-input-connection=false, x=11.0, y=129.0, text=Testing Deleting 7654321, input-type=0, ime-target=false, has-links=false}
|
+----------&gt;CardView{id=-1, visibility=VISIBLE, width=1058, height=206, has-focus=false, has-focusable=true, has-window-focus=true, is-clickable=true, is-enabled=true, is-focused=false, is-focusable=true, is-layout-requested=false, is-selected=false, layout-params=androidx.recyclerview.widget.RecyclerView$LayoutParams&#64;fb8dc62, tag=null, root-is-layout-requested=false, has-input-connection=false, x=11.0, y=1607.0, child-count=1}
|
+-----------&gt;LinearLayout{id=-1, visibility=VISIBLE, width=1058, height=206, has-focus=false, has-focusable=false, has-window-focus=true, is-clickable=false, is-enabled=true, is-focused=false, is-focusable=false, is-layout-requested=false, is-selected=false, layout-params=android.widget.FrameLayout$LayoutParams&#64;d4c5cae, tag=null, root-is-layout-requested=false, has-input-connection=false, x=0.0, y=0.0, child-count=3}
|
+------------&gt;MaterialTextView{id=2131231074, res-name=poster, visibility=VISIBLE, width=349, height=74, has-focus=false, has-focusable=false, has-window-focus=true, is-clickable=false, is-enabled=true, is-focused=false, is-focusable=false, is-layout-requested=false, is-selected=false, layout-params=android.widget.LinearLayout$LayoutParams&#64;a54aa4f, tag=null, root-is-layout-requested=false, has-input-connection=false, x=11.0, y=11.0, text=Molly Member, input-type=0, ime-target=false, has-links=false}
|
+------------&gt;MaterialTextView{id=2131230868, res-name=date, visibility=VISIBLE, width=373, height=44, has-focus=false, has-focusable=false, has-window-focus=true, is-clickable=false, is-enabled=true, is-focused=false, is-focusable=false, is-layout-requested=false, is-selected=false, layout-params=android.widget.LinearLayout$LayoutParams&#64;a0ac5dc, tag=null, root-is-layout-requested=false, has-input-connection=false, x=11.0, y=85.0, text=Oct 18, 2022, 5:59:47 AM, input-type=0, ime-target=false, has-links=false}
|
+------------&gt;MaterialTextView{id=2131230856, res-name=content, visibility=VISIBLE, width=501, height=59, has-focus=false, has-focusable=false, has-window-focus=true, is-clickable=false, is-enabled=true, is-focused=false, is-focusable=false, is-layout-requested=false, is-selected=false, layout-params=android.widget.LinearLayout$LayoutParams&#64;30776e5, tag=null, root-is-layout-requested=false, has-input-connection=false, x=11.0, y=129.0, text=Testing Deleting 1234567, input-type=0, ime-target=false, has-links=false}
|
+----------&gt;CardView{id=-1, visibility=VISIBLE, width=1058, height=206, has-focus=false, has-focusable=true, has-window-focus=true, is-clickable=true, is-enabled=true, is-focused=false, is-focusable=true, is-layout-requested=false, is-selected=false, layout-params=androidx.recyclerview.widget.RecyclerView$LayoutParams&#64;65b9c6b, tag=null, root-is-layout-requested=false, has-input-connection=false, x=11.0, y=1835.0, child-count=1}
|
+-----------&gt;LinearLayout{id=-1, visibility=VISIBLE, width=1058, height=206, has-focus=false, has-focusable=false, has-window-focus=true, is-clickable=false, is-enabled=true, is-focused=false, is-focusable=false, is-layout-requested=false, is-selected=false, layout-params=android.widget.FrameLayout$LayoutParams&#64;9959447, tag=null, root-is-layout-requested=false, has-input-connection=false, x=0.0, y=0.0, child-count=3}
|
+------------&gt;MaterialTextView{id=2131231074, res-name=poster, visibility=VISIBLE, width=349, height=74, has-focus=false, has-focusable=false, has-window-focus=true, is-clickable=false, is-enabled=true, is-focused=false, is-focusable=false, is-layout-requested=false, is-selected=false, layout-params=android.widget.LinearLayout$LayoutParams&#64;dc7f474, tag=null, root-is-layout-requested=false, has-input-connection=false, x=11.0, y=11.0, text=Molly Member, input-type=0, ime-target=false, has-links=false}
|
+------------&gt;MaterialTextView{id=2131230868, res-name=date, visibility=VISIBLE, width=373, height=44, has-focus=false, has-focusable=false, has-window-focus=true, is-clickable=false, is-enabled=true, is-focused=false, is-focusable=false, is-layout-requested=false, is-selected=false, layout-params=android.widget.LinearLayout$LayoutParams&#64;569d9d, tag=null, root-is-layout-requested=false, has-input-connection=false, x=11.0, y=85.0, text=Oct 18, 2022, 5:59:35 AM, input-type=0, ime-target=false, has-links=false}
|
+------------&gt;MaterialTextView{id=2131230856, res-name=content, visibility=VISIBLE, width=581, height=59, has-focus=false, has-focusable=false, has-window-focus=true, is-clickable=false, is-enabled=true, is-focused=false, is-focusable=false, is-layout-requested=false, is-selected=false, layout-params=android.widget.LinearLayout$LayoutParams&#64;d552212, tag=null, root-is-layout-requested=false, has-input-connection=false, x=11.0, y=129.0, text=Testing Posting Message 111, input-type=0, ime-target=false, has-links=false}
|
+----------&gt;CardView{id=-1, visibility=VISIBLE, width=1058, height=206, has-focus=false, has-focusable=true, has-window-focus=true, is-clickable=true, is-enabled=true, is-focused=false, is-focusable=true, is-layout-requested=false, is-selected=false, layout-params=androidx.recyclerview.widget.RecyclerView$LayoutParams&#64;5a9e3e0, tag=null, root-is-layout-requested=false, has-input-connection=false, x=11.0, y=2063.0, child-count=1}
|
+-----------&gt;LinearLayout{id=-1, visibility=VISIBLE, width=1058, height=206, has-focus=false, has-focusable=false, has-window-focus=true, is-clickable=false, is-enabled=true, is-focused=false, is-focusable=false, is-layout-requested=false, is-selected=false, layout-params=android.widget.FrameLayout$LayoutParams&#64;5f95e0c, tag=null, root-is-layout-requested=false, has-input-connection=false, x=0.0, y=0.0, child-count=3}
|
+------------&gt;MaterialTextView{id=2131231074, res-name=poster, visibility=VISIBLE, width=349, height=74, has-focus=false, has-focusable=false, has-window-focus=true, is-clickable=false, is-enabled=true, is-focused=false, is-focusable=false, is-layout-requested=false, is-selected=false, layout-params=android.widget.LinearLayout$LayoutParams&#64;f1ce355, tag=null, root-is-layout-requested=false, has-input-connection=false, x=11.0, y=11.0, text=Molly Member, input-type=0, ime-target=false, has-links=false}
|
+------------&gt;MaterialTextView{id=2131230868, res-name=date, visibility=VISIBLE, width=373, height=44, has-focus=false, has-focusable=false, has-window-focus=true, is-clickable=false, is-enabled=true, is-focused=false, is-focusable=false, is-layout-requested=false, is-selected=false, layout-params=android.widget.LinearLayout$LayoutParams&#64;54ee16a, tag=null, root-is-layout-requested=false, has-input-connection=false, x=11.0, y=85.0, text=Oct 18, 2022, 5:56:00 AM, input-type=0, ime-target=false, has-links=false}
|
+------------&gt;MaterialTextView{id=2131230856, res-name=content, visibility=VISIBLE, width=581, height=59, has-focus=false, has-focusable=false, has-window-focus=true, is-clickable=false, is-enabled=true, is-focused=false, is-focusable=false, is-layout-requested=false, is-selected=false, layout-params=android.widget.LinearLayout$LayoutParams&#64;d40765b, tag=null, root-is-layout-requested=false, has-input-connection=false, x=11.0, y=129.0, text=Testing Posting Message 111, input-type=0, ime-target=false, has-links=false}
|
+---------&gt;FloatingActionButton{id=2131230913, res-name=fab, desc=Fab, visibility=VISIBLE, width=154, height=154, has-focus=false, has-focusable=true, has-window-focus=true, is-clickable=true, is-enabled=true, is-focused=false, is-focusable=true, is-layout-requested=false, is-selected=false, layout-params=androidx.constraintlayout.widget.ConstraintLayout$LayoutParams&#64;de44ef8, tag=null, root-is-layout-requested=false, has-input-connection=false, x=882.0, y=1878.0}
|
+----&gt;ActionBarContainer{id=2131230773, res-name=action_bar_container, visibility=VISIBLE, width=1080, height=154, has-focus=false, has-focusable=false, has-window-focus=true, is-clickable=false, is-enabled=true, is-focused=false, is-focusable=false, is-layout-requested=false, is-selected=false, layout-params=androidx.appcompat.widget.ActionBarOverlayLayout$LayoutParams&#64;2861d37, tag=null, root-is-layout-requested=false, has-input-connection=false, x=0.0, y=0.0, child-count=2}
|
+-----&gt;Toolbar{id=2131230771, res-name=action_bar, visibility=VISIBLE, width=1080, height=154, has-focus=false, has-focusable=false, has-window-focus=true, is-clickable=false, is-enabled=true, is-focused=false, is-focusable=false, is-layout-requested=false, is-selected=false, layout-params=android.widget.FrameLayout$LayoutParams&#64;53f280d, tag=null, root-is-layout-requested=false, has-input-connection=false, x=0.0, y=0.0, child-count=3}
|
+------&gt;AppCompatTextView{id=-1, visibility=VISIBLE, width=361, height=74, has-focus=false, has-focusable=false, has-window-focus=true, is-clickable=false, is-enabled=true, is-focused=false, is-focusable=false, is-layout-requested=false, is-selected=false, layout-params=androidx.appcompat.widget.Toolbar$LayoutParams&#64;12633c2, tag=null, root-is-layout-requested=false, has-input-connection=false, x=198.0, y=40.0, text=Molly Member, input-type=0, ime-target=false, has-links=false}
|
+------&gt;ActionMenuView{id=-1, visibility=VISIBLE, width=0, height=154, has-focus=false, has-focusable=false, has-window-focus=true, is-clickable=false, is-enabled=true, is-focused=false, is-focusable=false, is-layout-requested=false, is-selected=false, layout-params=androidx.appcompat.widget.Toolbar$LayoutParams&#64;b1555d3, tag=null, root-is-layout-requested=false, has-input-connection=false, x=1080.0, y=0.0, child-count=0}
|
+------&gt;AppCompatImageButton{id=-1, desc=Navigate up, visibility=VISIBLE, width=154, height=154, has-focus=false, has-focusable=false, has-window-focus=true, is-clickable=true, is-enabled=true, is-focused=false, is-focusable=true, is-layout-requested=false, is-selected=false, layout-params=androidx.appcompat.widget.Toolbar$LayoutParams&#64;c6e0510, tag=null, root-is-layout-requested=false, has-input-connection=false, x=0.0, y=0.0}
|
+-----&gt;ActionBarContextView{id=2131230780, res-name=action_context_bar, visibility=GONE, width=0, height=0, has-focus=false, has-focusable=false, has-window-focus=true, is-clickable=false, is-enabled=true, is-focused=false, is-focusable=false, is-layout-requested=true, is-selected=false, layout-params=android.widget.FrameLayout$LayoutParams&#64;ac33809, tag=null, root-is-layout-requested=false, has-input-connection=false, x=0.0, y=0.0, child-count=0}
|
+-&gt;View{id=16908336, res-name=navigationBarBackground, visibility=VISIBLE, width=1080, height=44, has-focus=false, has-focusable=false, has-window-focus=true, is-clickable=false, is-enabled=true, is-focused=false, is-focusable=false, is-layout-requested=false, is-selected=false, layout-params=android.widget.FrameLayout$LayoutParams&#64;27ca0e, tag=null, root-is-layout-requested=false, has-input-connection=false, x=0.0, y=2296.0}
|
+-&gt;View{id=16908335, res-name=statusBarBackground, visibility=VISIBLE, width=1080, height=66, has-focus=false, has-focusable=false, has-window-focus=true, is-clickable=false, is-enabled=true, is-focused=false, is-focusable=false, is-layout-requested=false, is-selected=false, layout-params=android.widget.FrameLayout$LayoutParams&#64;5557c2f, tag=null, root-is-layout-requested=false, has-input-connection=false, x=0.0, y=0.0}
at dalvik.system.VMStack.getThreadStackTrace(Native Method)
at java.lang.Thread.getStackTrace(Thread.java:1724)
at androidx.test.espresso.base.DefaultFailureHandler.getUserFriendlyError(DefaultFailureHandler.java:12)
at androidx.test.espresso.base.DefaultFailureHandler.handle(DefaultFailureHandler.java:7)
at androidx.test.espresso.ViewInteraction.waitForAndHandleInteractionResults(ViewInteraction.java:8)
at androidx.test.espresso.ViewInteraction.desugaredPerform(ViewInteraction.java:11)
at androidx.test.espresso.ViewInteraction.perform(ViewInteraction.java:4)
at edu.ucsc.cse118.assignment3.TestHelper.waitForView(TestHelper.kt:48)
at edu.ucsc.cse118.assignment3.TestHelper.waitForView$default(TestHelper.kt:39)
at edu.ucsc.cse118.assignment3.TestHelper.waitForText(TestHelper.kt:60)
at edu.ucsc.cse118.assignment3.BasicTest.construction_channel_framing_message_ranice_date(BasicTest.kt:73)</failure>
  </testcase>
  <testcase name="construction_channel_count" classname="edu.ucsc.cse118.assignment3.BasicTest" time="3.135" />
</testsuite>