<?xml version='1.0' encoding='UTF-8' ?>
<testsuite name="edu.ucsc.cse118.assignment3.AdvancedTest" tests="12" failures="0" errors="0" skipped="0" time="29.473" timestamp="2022-10-18T06:18:04" hostname="localhost">
  <properties>
    <property name="device" value="Pixel_5_API_32(AVD) - 12" />
    <property name="flavor" value="" />
    <property name="project" value=":app" />
  </properties>
  <testcase name="fab_exists" classname="edu.ucsc.cse118.assignment3.AdvancedTest" time="3.346" />
  <testcase name="fab_type_not_enough" classname="edu.ucsc.cse118.assignment3.AdvancedTest" time="3.558" />
  <testcase name="fab_type_new_message" classname="edu.ucsc.cse118.assignment3.AdvancedTest" time="4.157" />
  <testcase name="header" classname="edu.ucsc.cse118.assignment3.BasicTest" time="1.643" />
  <testcase name="workspace_movies" classname="edu.ucsc.cse118.assignment3.BasicTest" time="1.823" />
  <testcase name="workspace_construction" classname="edu.ucsc.cse118.assignment3.BasicTest" time="1.693" />
  <testcase name="movies_channel_count" classname="edu.ucsc.cse118.assignment3.BasicTest" time="1.577" />
  <testcase name="movies_channel_drama" classname="edu.ucsc.cse118.assignment3.BasicTest" time="1.955" />
  <testcase name="construction_channel_framing" classname="edu.ucsc.cse118.assignment3.BasicTest" time="1.911" />
  <testcase name="construction_channel_framing_message_ranice" classname="edu.ucsc.cse118.assignment3.BasicTest" time="2.266" />
  <testcase name="construction_channel_framing_message_ranice_date" classname="edu.ucsc.cse118.assignment3.BasicTest" time="2.245" />
  <testcase name="construction_channel_count" classname="edu.ucsc.cse118.assignment3.BasicTest" time="1.648" />
</testsuite>