<?xml version='1.0' encoding='UTF-8' ?>
<testsuite name="edu.ucsc.cse118.assignment3.BasicTest" tests="9" failures="2" errors="0" skipped="0" time="31.056" timestamp="2022-10-16T03:01:32" hostname="localhost">
  <properties>
    <property name="device" value="Pixel_5_API_32(AVD) - 12" />
    <property name="flavor" value="" />
    <property name="project" value=":app" />
  </properties>
  <testcase name="header" classname="edu.ucsc.cse118.assignment3.BasicTest" time="2.401" />
  <testcase name="workspace_movies" classname="edu.ucsc.cse118.assignment3.BasicTest" time="1.726" />
  <testcase name="workspace_construction" classname="edu.ucsc.cse118.assignment3.BasicTest" time="1.751" />
  <testcase name="movies_channel_count" classname="edu.ucsc.cse118.assignment3.BasicTest" time="1.685" />
  <testcase name="movies_channel_drama" classname="edu.ucsc.cse118.assignment3.BasicTest" time="2.069" />
  <testcase name="construction_channel_framing" classname="edu.ucsc.cse118.assignment3.BasicTest" time="1.969" />
  <testcase name="construction_channel_framing_message_ranice" classname="edu.ucsc.cse118.assignment3.BasicTest" time="8.169">
    <failure>androidx.test.espresso.NoMatchingViewException: No views in hierarchy found matching: an instance of android.widget.TextView and view.getText() with or without transformation to match: is "Ranice Desantis"

View Hierarchy:
+&gt;DecorView{id=-1, visibility=VISIBLE, width=1080, height=2340, has-focus=false, has-focusable=true, has-window-focus=true, is-clickable=false, is-enabled=true, is-focused=false, is-focusable=false, is-layout-requested=false, is-selected=false, layout-params={(0,0)(fillxfill) ty=BASE_APPLICATION wanim=0x10302fe
fl=LAYOUT_IN_SCREEN LAYOUT_INSET_DECOR SPLIT_TOUCH HARDWARE_ACCELERATED DRAWS_SYSTEM_BAR_BACKGROUNDS
pfl=NO_MOVE_ANIMATION FORCE_DRAW_STATUS_BAR_BACKGROUND FIT_INSETS_CONTROLLED
bhv=DEFAULT
fitSides=}, tag=null, root-is-layout-requested=false, has-input-connection=false, x=0.0, y=0.0, child-count=3}
|
+-&gt;LinearLayout{id=-1, visibility=VISIBLE, width=1080, height=2296, has-focus=false, has-focusable=true, has-window-focus=true, is-clickable=false, is-enabled=true, is-focused=false, is-focusable=false, is-layout-requested=false, is-selected=false, layout-params=android.widget.FrameLayout$LayoutParams&#64;c57aff2, tag=null, root-is-layout-requested=false, has-input-connection=false, x=0.0, y=0.0, child-count=2}
|
+--&gt;ViewStub{id=16908723, res-name=action_mode_bar_stub, visibility=GONE, width=0, height=0, has-focus=false, has-focusable=false, has-window-focus=true, is-clickable=false, is-enabled=true, is-focused=false, is-focusable=false, is-layout-requested=true, is-selected=false, layout-params=android.widget.LinearLayout$LayoutParams&#64;1dd643, tag=null, root-is-layout-requested=false, has-input-connection=false, x=0.0, y=0.0}
|
+--&gt;FrameLayout{id=-1, visibility=VISIBLE, width=1080, height=2230, has-focus=false, has-focusable=true, has-window-focus=true, is-clickable=false, is-enabled=true, is-focused=false, is-focusable=false, is-layout-requested=false, is-selected=false, layout-params=android.widget.LinearLayout$LayoutParams&#64;f6345f9, tag=null, root-is-layout-requested=false, has-input-connection=false, x=0.0, y=66.0, child-count=1}
|
+---&gt;ActionBarOverlayLayout{id=2131230867, res-name=decor_content_parent, visibility=VISIBLE, width=1080, height=2230, has-focus=false, has-focusable=true, has-window-focus=true, is-clickable=false, is-enabled=true, is-focused=false, is-focusable=false, is-layout-requested=false, is-selected=false, layout-params=android.widget.FrameLayout$LayoutParams&#64;42cd93e, tag=null, root-is-layout-requested=false, has-input-connection=false, x=0.0, y=0.0, child-count=2}
|
+----&gt;ContentFrameLayout{id=16908290, res-name=content, visibility=VISIBLE, width=1080, height=2076, has-focus=false, has-focusable=true, has-window-focus=true, is-clickable=false, is-enabled=true, is-focused=false, is-focusable=false, is-layout-requested=false, is-selected=false, layout-params=androidx.appcompat.widget.ActionBarOverlayLayout$LayoutParams&#64;a2c7cec, tag=null, root-is-layout-requested=false, has-input-connection=false, x=0.0, y=154.0, child-count=1}
|
+-----&gt;ConstraintLayout{id=-1, visibility=VISIBLE, width=1080, height=2076, has-focus=false, has-focusable=true, has-window-focus=true, is-clickable=false, is-enabled=true, is-focused=false, is-focusable=false, is-layout-requested=false, is-selected=false, layout-params=android.widget.FrameLayout$LayoutParams&#64;8994b4a, tag=null, root-is-layout-requested=false, has-input-connection=false, x=0.0, y=0.0, child-count=1}
|
+------&gt;FragmentContainerView{id=2131231025, res-name=nav_host_fragment, visibility=VISIBLE, width=1080, height=2076, has-focus=false, has-focusable=true, has-window-focus=true, is-clickable=false, is-enabled=true, is-focused=false, is-focusable=false, is-layout-requested=false, is-selected=false, layout-params=androidx.constraintlayout.widget.ConstraintLayout$LayoutParams&#64;ada7bd8, tag=null, root-is-layout-requested=false, has-input-connection=false, x=0.0, y=0.0, child-count=1}
|
+-------&gt;FragmentContainerView{id=2131231025, res-name=nav_host_fragment, visibility=VISIBLE, width=1080, height=2076, has-focus=false, has-focusable=true, has-window-focus=true, is-clickable=false, is-enabled=true, is-focused=false, is-focusable=false, is-layout-requested=false, is-selected=false, layout-params=android.widget.FrameLayout$LayoutParams&#64;4a8d216, tag=null, root-is-layout-requested=false, has-input-connection=false, x=0.0, y=0.0, child-count=1}
|
+--------&gt;ConstraintLayout{id=-1, visibility=VISIBLE, width=1080, height=1870, has-focus=false, has-focusable=true, has-window-focus=true, is-clickable=false, is-enabled=true, is-focused=false, is-focusable=false, is-layout-requested=false, is-selected=false, layout-params=android.widget.FrameLayout$LayoutParams&#64;9677d84, tag=null, root-is-layout-requested=false, has-input-connection=false, x=0.0, y=0.0, child-count=1}
|
+---------&gt;RecyclerView{id=2131231071, res-name=recyclerview, visibility=VISIBLE, width=1080, height=1870, has-focus=false, has-focusable=true, has-window-focus=true, is-clickable=false, is-enabled=true, is-focused=false, is-focusable=true, is-layout-requested=false, is-selected=false, layout-params=androidx.constraintlayout.widget.ConstraintLayout$LayoutParams&#64;fa6d8ab, tag=null, root-is-layout-requested=false, has-input-connection=false, x=0.0, y=0.0, child-count=10}
|
+----------&gt;CardView{id=-1, visibility=VISIBLE, width=1058, height=165, has-focus=false, has-focusable=true, has-window-focus=true, is-clickable=true, is-enabled=true, is-focused=false, is-focusable=true, is-layout-requested=false, is-selected=false, layout-params=androidx.recyclerview.widget.RecyclerView$LayoutParams&#64;fd7d2a1, tag=null, root-is-layout-requested=false, has-input-connection=false, x=11.0, y=11.0, child-count=1}
|
+-----------&gt;LinearLayout{id=-1, visibility=VISIBLE, width=1058, height=165, has-focus=false, has-focusable=false, has-window-focus=true, is-clickable=false, is-enabled=true, is-focused=false, is-focusable=false, is-layout-requested=false, is-selected=false, layout-params=android.widget.FrameLayout$LayoutParams&#64;1e74fb4, tag=null, root-is-layout-requested=false, has-input-connection=false, x=0.0, y=0.0, child-count=2}
|
+------------&gt;MaterialTextView{id=2131231022, res-name=name, visibility=VISIBLE, width=625, height=74, has-focus=false, has-focusable=false, has-window-focus=true, is-clickable=false, is-enabled=true, is-focused=false, is-focusable=false, is-layout-requested=false, is-selected=false, layout-params=android.widget.LinearLayout$LayoutParams&#64;2fdf7dd, tag=null, root-is-layout-requested=false, has-input-connection=false, x=11.0, y=11.0, text=Rebar &amp; Wire Mesh Install, input-type=0, ime-target=false, has-links=false}
|
+------------&gt;MaterialTextView{id=2131230988, res-name=messages, visibility=VISIBLE, width=263, height=59, has-focus=false, has-focusable=false, has-window-focus=true, is-clickable=false, is-enabled=true, is-focused=false, is-focusable=false, is-layout-requested=false, is-selected=false, layout-params=android.widget.LinearLayout$LayoutParams&#64;9960f52, tag=null, root-is-layout-requested=false, has-input-connection=false, x=11.0, y=85.0, text=32 Messages, input-type=0, ime-target=false, has-links=false}
|
+----------&gt;CardView{id=-1, visibility=VISIBLE, width=1058, height=165, has-focus=false, has-focusable=true, has-window-focus=true, is-clickable=true, is-enabled=true, is-focused=false, is-focusable=true, is-layout-requested=false, is-selected=false, layout-params=androidx.recyclerview.widget.RecyclerView$LayoutParams&#64;d83b320, tag=null, root-is-layout-requested=false, has-input-connection=false, x=11.0, y=198.0, child-count=1}
|
+-----------&gt;LinearLayout{id=-1, visibility=VISIBLE, width=1058, height=165, has-focus=false, has-focusable=false, has-window-focus=true, is-clickable=false, is-enabled=true, is-focused=false, is-focusable=false, is-layout-requested=false, is-selected=false, layout-params=android.widget.FrameLayout$LayoutParams&#64;34d4d7f, tag=null, root-is-layout-requested=false, has-input-connection=false, x=0.0, y=0.0, child-count=2}
|
+------------&gt;MaterialTextView{id=2131231022, res-name=name, visibility=VISIBLE, width=393, height=74, has-focus=false, has-focusable=false, has-window-focus=true, is-clickable=false, is-enabled=true, is-focused=false, is-focusable=false, is-layout-requested=false, is-selected=false, layout-params=android.widget.LinearLayout$LayoutParams&#64;4c0e14c, tag=null, root-is-layout-requested=false, has-input-connection=false, x=11.0, y=11.0, text=Framing (Wood), input-type=0, ime-target=false, has-links=false}
|
+------------&gt;MaterialTextView{id=2131230988, res-name=messages, visibility=VISIBLE, width=238, height=59, has-focus=false, has-focusable=false, has-window-focus=true, is-clickable=false, is-enabled=true, is-focused=false, is-focusable=false, is-layout-requested=false, is-selected=false, layout-params=android.widget.LinearLayout$LayoutParams&#64;78d4595, tag=null, root-is-layout-requested=false, has-input-connection=false, x=11.0, y=85.0, text=4 Messages, input-type=0, ime-target=false, has-links=false}
|
+----------&gt;CardView{id=-1, visibility=VISIBLE, width=1058, height=165, has-focus=false, has-focusable=true, has-window-focus=true, is-clickable=true, is-enabled=true, is-focused=false, is-focusable=true, is-layout-requested=false, is-selected=false, layout-params=androidx.recyclerview.widget.RecyclerView$LayoutParams&#64;af3429b, tag=null, root-is-layout-requested=false, has-input-connection=false, x=11.0, y=385.0, child-count=1}
|
+-----------&gt;LinearLayout{id=-1, visibility=VISIBLE, width=1058, height=165, has-focus=false, has-focusable=false, has-window-focus=true, is-clickable=false, is-enabled=true, is-focused=false, is-focusable=false, is-layout-requested=false, is-selected=false, layout-params=android.widget.FrameLayout$LayoutParams&#64;f9b1376, tag=null, root-is-layout-requested=false, has-input-connection=false, x=0.0, y=0.0, child-count=2}
|
+------------&gt;MaterialTextView{id=2131231022, res-name=name, visibility=VISIBLE, width=213, height=74, has-focus=false, has-focusable=false, has-window-focus=true, is-clickable=false, is-enabled=true, is-focused=false, is-focusable=false, is-layout-requested=false, is-selected=false, layout-params=android.widget.LinearLayout$LayoutParams&#64;8396d77, tag=null, root-is-layout-requested=false, has-input-connection=false, x=11.0, y=11.0, text=Masonry, input-type=0, ime-target=false, has-links=false}
|
+------------&gt;MaterialTextView{id=2131230988, res-name=messages, visibility=VISIBLE, width=263, height=59, has-focus=false, has-focusable=false, has-window-focus=true, is-clickable=false, is-enabled=true, is-focused=false, is-focusable=false, is-layout-requested=false, is-selected=false, layout-params=android.widget.LinearLayout$LayoutParams&#64;d80de4, tag=null, root-is-layout-requested=false, has-input-connection=false, x=11.0, y=85.0, text=16 Messages, input-type=0, ime-target=false, has-links=false}
|
+----------&gt;CardView{id=-1, visibility=VISIBLE, width=1058, height=165, has-focus=false, has-focusable=true, has-window-focus=true, is-clickable=true, is-enabled=true, is-focused=false, is-focusable=true, is-layout-requested=false, is-selected=false, layout-params=androidx.recyclerview.widget.RecyclerView$LayoutParams&#64;71cf102, tag=null, root-is-layout-requested=false, has-input-connection=false, x=11.0, y=572.0, child-count=1}
|
+-----------&gt;LinearLayout{id=-1, visibility=VISIBLE, width=1058, height=165, has-focus=false, has-focusable=false, has-window-focus=true, is-clickable=false, is-enabled=true, is-focused=false, is-focusable=false, is-layout-requested=false, is-selected=false, layout-params=android.widget.FrameLayout$LayoutParams&#64;d720649, tag=null, root-is-layout-requested=false, has-input-connection=false, x=0.0, y=0.0, child-count=2}
|
+------------&gt;MaterialTextView{id=2131231022, res-name=name, visibility=VISIBLE, width=179, height=74, has-focus=false, has-focusable=false, has-window-focus=true, is-clickable=false, is-enabled=true, is-focused=false, is-focusable=false, is-layout-requested=false, is-selected=false, layout-params=android.widget.LinearLayout$LayoutParams&#64;ced1b4e, tag=null, root-is-layout-requested=false, has-input-connection=false, x=11.0, y=11.0, text=Drywall, input-type=0, ime-target=false, has-links=false}
|
+------------&gt;MaterialTextView{id=2131230988, res-name=messages, visibility=VISIBLE, width=263, height=59, has-focus=false, has-focusable=false, has-window-focus=true, is-clickable=false, is-enabled=true, is-focused=false, is-focusable=false, is-layout-requested=false, is-selected=false, layout-params=android.widget.LinearLayout$LayoutParams&#64;b9a946f, tag=null, root-is-layout-requested=false, has-input-connection=false, x=11.0, y=85.0, text=28 Messages, input-type=0, ime-target=false, has-links=false}
|
+----------&gt;CardView{id=-1, visibility=VISIBLE, width=1058, height=165, has-focus=false, has-focusable=true, has-window-focus=true, is-clickable=true, is-enabled=true, is-focused=false, is-focusable=true, is-layout-requested=false, is-selected=false, layout-params=androidx.recyclerview.widget.RecyclerView$LayoutParams&#64;fcbbe05, tag=null, root-is-layout-requested=false, has-input-connection=false, x=11.0, y=759.0, child-count=1}
|
+-----------&gt;LinearLayout{id=-1, visibility=VISIBLE, width=1058, height=165, has-focus=false, has-focusable=false, has-window-focus=true, is-clickable=false, is-enabled=true, is-focused=false, is-focusable=false, is-layout-requested=false, is-selected=false, layout-params=android.widget.FrameLayout$LayoutParams&#64;a0e2d68, tag=null, root-is-layout-requested=false, has-input-connection=false, x=0.0, y=0.0, child-count=2}
|
+------------&gt;MaterialTextView{id=2131231022, res-name=name, visibility=VISIBLE, width=224, height=74, has-focus=false, has-focusable=false, has-window-focus=true, is-clickable=false, is-enabled=true, is-focused=false, is-focusable=false, is-layout-requested=false, is-selected=false, layout-params=android.widget.LinearLayout$LayoutParams&#64;4f3581, tag=null, root-is-layout-requested=false, has-input-connection=false, x=11.0, y=11.0, text=Electrical, input-type=0, ime-target=false, has-links=false}
|
+------------&gt;MaterialTextView{id=2131230988, res-name=messages, visibility=VISIBLE, width=263, height=59, has-focus=false, has-focusable=false, has-window-focus=true, is-clickable=false, is-enabled=true, is-focused=false, is-focusable=false, is-layout-requested=false, is-selected=false, layout-params=android.widget.LinearLayout$LayoutParams&#64;6cd4626, tag=null, root-is-layout-requested=false, has-input-connection=false, x=11.0, y=85.0, text=14 Messages, input-type=0, ime-target=false, has-links=false}
|
+----------&gt;CardView{id=-1, visibility=VISIBLE, width=1058, height=165, has-focus=false, has-focusable=true, has-window-focus=true, is-clickable=true, is-enabled=true, is-focused=false, is-focusable=true, is-layout-requested=false, is-selected=false, layout-params=androidx.recyclerview.widget.RecyclerView$LayoutParams&#64;a4cb814, tag=null, root-is-layout-requested=false, has-input-connection=false, x=11.0, y=946.0, child-count=1}
|
+-----------&gt;LinearLayout{id=-1, visibility=VISIBLE, width=1058, height=165, has-focus=false, has-focusable=false, has-window-focus=true, is-clickable=false, is-enabled=true, is-focused=false, is-focusable=false, is-layout-requested=false, is-selected=false, layout-params=android.widget.FrameLayout$LayoutParams&#64;834fe03, tag=null, root-is-layout-requested=false, has-input-connection=false, x=0.0, y=0.0, child-count=2}
|
+------------&gt;MaterialTextView{id=2131231022, res-name=name, visibility=VISIBLE, width=366, height=74, has-focus=false, has-focusable=false, has-window-focus=true, is-clickable=false, is-enabled=true, is-focused=false, is-focusable=false, is-layout-requested=false, is-selected=false, layout-params=android.widget.LinearLayout$LayoutParams&#64;d474180, tag=null, root-is-layout-requested=false, has-input-connection=false, x=11.0, y=11.0, text=Asphalt Paving, input-type=0, ime-target=false, has-links=false}
|
+------------&gt;MaterialTextView{id=2131230988, res-name=messages, visibility=VISIBLE, width=238, height=59, has-focus=false, has-focusable=false, has-window-focus=true, is-clickable=false, is-enabled=true, is-focused=false, is-focusable=false, is-layout-requested=false, is-selected=false, layout-params=android.widget.LinearLayout$LayoutParams&#64;64c13b9, tag=null, root-is-layout-requested=false, has-input-connection=false, x=11.0, y=85.0, text=8 Messages, input-type=0, ime-target=false, has-links=false}
|
+----------&gt;CardView{id=-1, visibility=VISIBLE, width=1058, height=165, has-focus=false, has-focusable=true, has-window-focus=true, is-clickable=true, is-enabled=true, is-focused=false, is-focusable=true, is-layout-requested=false, is-selected=false, layout-params=androidx.recyclerview.widget.RecyclerView$LayoutParams&#64;9ff775f, tag=null, root-is-layout-requested=false, has-input-connection=false, x=11.0, y=1133.0, child-count=1}
|
+-----------&gt;LinearLayout{id=-1, visibility=VISIBLE, width=1058, height=165, has-focus=false, has-focusable=false, has-window-focus=true, is-clickable=false, is-enabled=true, is-focused=false, is-focusable=false, is-layout-requested=false, is-selected=false, layout-params=android.widget.FrameLayout$LayoutParams&#64;db0520a, tag=null, root-is-layout-requested=false, has-input-connection=false, x=0.0, y=0.0, child-count=2}
|
+------------&gt;MaterialTextView{id=2131231022, res-name=name, visibility=VISIBLE, width=652, height=74, has-focus=false, has-focusable=false, has-window-focus=true, is-clickable=false, is-enabled=true, is-focused=false, is-focusable=false, is-layout-requested=false, is-selected=false, layout-params=android.widget.LinearLayout$LayoutParams&#64;ace2a7b, tag=null, root-is-layout-requested=false, has-input-connection=false, x=11.0, y=11.0, text=Doors, Frames &amp; Hardware, input-type=0, ime-target=false, has-links=false}
|
+------------&gt;MaterialTextView{id=2131230988, res-name=messages, visibility=VISIBLE, width=238, height=59, has-focus=false, has-focusable=false, has-window-focus=true, is-clickable=false, is-enabled=true, is-focused=false, is-focusable=false, is-layout-requested=false, is-selected=false, layout-params=android.widget.LinearLayout$LayoutParams&#64;dbc098, tag=null, root-is-layout-requested=false, has-input-connection=false, x=11.0, y=85.0, text=8 Messages, input-type=0, ime-target=false, has-links=false}
|
+----------&gt;CardView{id=-1, visibility=VISIBLE, width=1058, height=165, has-focus=false, has-focusable=true, has-window-focus=true, is-clickable=true, is-enabled=true, is-focused=false, is-focusable=true, is-layout-requested=false, is-selected=false, layout-params=androidx.recyclerview.widget.RecyclerView$LayoutParams&#64;984d6, tag=null, root-is-layout-requested=false, has-input-connection=false, x=11.0, y=1320.0, child-count=1}
|
+-----------&gt;LinearLayout{id=-1, visibility=VISIBLE, width=1058, height=165, has-focus=false, has-focusable=false, has-window-focus=true, is-clickable=false, is-enabled=true, is-focused=false, is-focusable=false, is-layout-requested=false, is-selected=false, layout-params=android.widget.FrameLayout$LayoutParams&#64;7ca3b2d, tag=null, root-is-layout-requested=false, has-input-connection=false, x=0.0, y=0.0, child-count=2}
|
+------------&gt;MaterialTextView{id=2131231022, res-name=name, visibility=VISIBLE, width=329, height=74, has-focus=false, has-focusable=false, has-window-focus=true, is-clickable=false, is-enabled=true, is-focused=false, is-focusable=false, is-layout-requested=false, is-selected=false, layout-params=android.widget.LinearLayout$LayoutParams&#64;f11862, tag=null, root-is-layout-requested=false, has-input-connection=false, x=11.0, y=11.0, text=Curb &amp; Gutter, input-type=0, ime-target=false, has-links=false}
|
+------------&gt;MaterialTextView{id=2131230988, res-name=messages, visibility=VISIBLE, width=263, height=59, has-focus=false, has-focusable=false, has-window-focus=true, is-clickable=false, is-enabled=true, is-focused=false, is-focusable=false, is-layout-requested=false, is-selected=false, layout-params=android.widget.LinearLayout$LayoutParams&#64;9e16df3, tag=null, root-is-layout-requested=false, has-input-connection=false, x=11.0, y=85.0, text=16 Messages, input-type=0, ime-target=false, has-links=false}
|
+----------&gt;CardView{id=-1, visibility=VISIBLE, width=1058, height=165, has-focus=false, has-focusable=true, has-window-focus=true, is-clickable=true, is-enabled=true, is-focused=false, is-focusable=true, is-layout-requested=false, is-selected=false, layout-params=androidx.recyclerview.widget.RecyclerView$LayoutParams&#64;73c5d29, tag=null, root-is-layout-requested=false, has-input-connection=false, x=11.0, y=1507.0, child-count=1}
|
+-----------&gt;LinearLayout{id=-1, visibility=VISIBLE, width=1058, height=165, has-focus=false, has-focusable=false, has-window-focus=true, is-clickable=false, is-enabled=true, is-focused=false, is-focusable=false, is-layout-requested=false, is-selected=false, layout-params=android.widget.FrameLayout$LayoutParams&#64;62121dc, tag=null, root-is-layout-requested=false, has-input-connection=false, x=0.0, y=0.0, child-count=2}
|
+------------&gt;MaterialTextView{id=2131231022, res-name=name, visibility=VISIBLE, width=377, height=74, has-focus=false, has-focusable=false, has-window-focus=true, is-clickable=false, is-enabled=true, is-focused=false, is-focusable=false, is-layout-requested=false, is-selected=false, layout-params=android.widget.LinearLayout$LayoutParams&#64;94a2e5, tag=null, root-is-layout-requested=false, has-input-connection=false, x=11.0, y=11.0, text=Roofing (Metal), input-type=0, ime-target=false, has-links=false}
|
+------------&gt;MaterialTextView{id=2131230988, res-name=messages, visibility=VISIBLE, width=263, height=59, has-focus=false, has-focusable=false, has-window-focus=true, is-clickable=false, is-enabled=true, is-focused=false, is-focusable=false, is-layout-requested=false, is-selected=false, layout-params=android.widget.LinearLayout$LayoutParams&#64;b0951ba, tag=null, root-is-layout-requested=false, has-input-connection=false, x=11.0, y=85.0, text=10 Messages, input-type=0, ime-target=false, has-links=false}
|
+----------&gt;CardView{id=-1, visibility=VISIBLE, width=1058, height=165, has-focus=false, has-focusable=true, has-window-focus=true, is-clickable=true, is-enabled=true, is-focused=false, is-focusable=true, is-layout-requested=false, is-selected=false, layout-params=androidx.recyclerview.widget.RecyclerView$LayoutParams&#64;18c7fc8, tag=null, root-is-layout-requested=false, has-input-connection=false, x=11.0, y=1694.0, child-count=1}
|
+-----------&gt;LinearLayout{id=-1, visibility=VISIBLE, width=1058, height=165, has-focus=false, has-focusable=false, has-window-focus=true, is-clickable=false, is-enabled=true, is-focused=false, is-focusable=false, is-layout-requested=false, is-selected=false, layout-params=android.widget.FrameLayout$LayoutParams&#64;1d96047, tag=null, root-is-layout-requested=false, has-input-connection=false, x=0.0, y=0.0, child-count=2}
|
+------------&gt;MaterialTextView{id=2131231022, res-name=name, visibility=VISIBLE, width=329, height=74, has-focus=false, has-focusable=false, has-window-focus=true, is-clickable=false, is-enabled=true, is-focused=false, is-focusable=false, is-layout-requested=false, is-selected=false, layout-params=android.widget.LinearLayout$LayoutParams&#64;2cdd074, tag=null, root-is-layout-requested=false, has-input-connection=false, x=11.0, y=11.0, text=Curb &amp; Gutter, input-type=0, ime-target=false, has-links=false}
|
+------------&gt;MaterialTextView{id=2131230988, res-name=messages, visibility=VISIBLE, width=263, height=59, has-focus=false, has-focusable=false, has-window-focus=true, is-clickable=false, is-enabled=true, is-focused=false, is-focusable=false, is-layout-requested=false, is-selected=false, layout-params=android.widget.LinearLayout$LayoutParams&#64;4dd499d, tag=null, root-is-layout-requested=false, has-input-connection=false, x=11.0, y=85.0, text=16 Messages, input-type=0, ime-target=false, has-links=false}
|
+----&gt;ActionBarContainer{id=2131230773, res-name=action_bar_container, visibility=VISIBLE, width=1080, height=154, has-focus=false, has-focusable=false, has-window-focus=true, is-clickable=false, is-enabled=true, is-focused=false, is-focusable=false, is-layout-requested=false, is-selected=false, layout-params=androidx.appcompat.widget.ActionBarOverlayLayout$LayoutParams&#64;b317fe0, tag=null, root-is-layout-requested=false, has-input-connection=false, x=0.0, y=0.0, child-count=2}
|
+-----&gt;Toolbar{id=2131230771, res-name=action_bar, visibility=VISIBLE, width=1080, height=154, has-focus=false, has-focusable=false, has-window-focus=true, is-clickable=false, is-enabled=true, is-focused=false, is-focusable=false, is-layout-requested=false, is-selected=false, layout-params=android.widget.FrameLayout$LayoutParams&#64;dd6495e, tag=null, root-is-layout-requested=false, has-input-connection=false, x=0.0, y=0.0, child-count=3}
|
+------&gt;AppCompatTextView{id=-1, visibility=VISIBLE, width=361, height=74, has-focus=false, has-focusable=false, has-window-focus=true, is-clickable=false, is-enabled=true, is-focused=false, is-focusable=false, is-layout-requested=false, is-selected=false, layout-params=androidx.appcompat.widget.Toolbar$LayoutParams&#64;b4c113f, tag=null, root-is-layout-requested=false, has-input-connection=false, x=198.0, y=40.0, text=Molly Member, input-type=0, ime-target=false, has-links=false}
|
+------&gt;ActionMenuView{id=-1, visibility=VISIBLE, width=0, height=154, has-focus=false, has-focusable=false, has-window-focus=true, is-clickable=false, is-enabled=true, is-focused=false, is-focusable=false, is-layout-requested=false, is-selected=false, layout-params=androidx.appcompat.widget.Toolbar$LayoutParams&#64;25eba0c, tag=null, root-is-layout-requested=false, has-input-connection=false, x=1080.0, y=0.0, child-count=0}
|
+------&gt;AppCompatImageButton{id=-1, desc=Navigate up, visibility=VISIBLE, width=154, height=154, has-focus=false, has-focusable=false, has-window-focus=true, is-clickable=true, is-enabled=true, is-focused=false, is-focusable=true, is-layout-requested=false, is-selected=false, layout-params=androidx.appcompat.widget.Toolbar$LayoutParams&#64;4d0f55, tag=null, root-is-layout-requested=false, has-input-connection=false, x=0.0, y=0.0}
|
+-----&gt;ActionBarContextView{id=2131230779, res-name=action_context_bar, visibility=GONE, width=0, height=0, has-focus=false, has-focusable=false, has-window-focus=true, is-clickable=false, is-enabled=true, is-focused=false, is-focusable=false, is-layout-requested=true, is-selected=false, layout-params=android.widget.FrameLayout$LayoutParams&#64;c399d6a, tag=null, root-is-layout-requested=false, has-input-connection=false, x=0.0, y=0.0, child-count=0}
|
+-&gt;View{id=16908336, res-name=navigationBarBackground, visibility=VISIBLE, width=1080, height=44, has-focus=false, has-focusable=false, has-window-focus=true, is-clickable=false, is-enabled=true, is-focused=false, is-focusable=false, is-layout-requested=false, is-selected=false, layout-params=android.widget.FrameLayout$LayoutParams&#64;c7a825b, tag=null, root-is-layout-requested=false, has-input-connection=false, x=0.0, y=2296.0}
|
+-&gt;View{id=16908335, res-name=statusBarBackground, visibility=VISIBLE, width=1080, height=66, has-focus=false, has-focusable=false, has-window-focus=true, is-clickable=false, is-enabled=true, is-focused=false, is-focusable=false, is-layout-requested=false, is-selected=false, layout-params=android.widget.FrameLayout$LayoutParams&#64;1436af8, tag=null, root-is-layout-requested=false, has-input-connection=false, x=0.0, y=0.0}
at dalvik.system.VMStack.getThreadStackTrace(Native Method)
at java.lang.Thread.getStackTrace(Thread.java:1724)
at androidx.test.espresso.base.DefaultFailureHandler.getUserFriendlyError(DefaultFailureHandler.java:12)
at androidx.test.espresso.base.DefaultFailureHandler.handle(DefaultFailureHandler.java:7)
at androidx.test.espresso.ViewInteraction.waitForAndHandleInteractionResults(ViewInteraction.java:8)
at androidx.test.espresso.ViewInteraction.desugaredPerform(ViewInteraction.java:11)
at androidx.test.espresso.ViewInteraction.perform(ViewInteraction.java:4)
at edu.ucsc.cse118.assignment3.TestHelper.waitForView(TestHelper.kt:48)
at edu.ucsc.cse118.assignment3.TestHelper.waitForView$default(TestHelper.kt:39)
at edu.ucsc.cse118.assignment3.TestHelper.waitForText(TestHelper.kt:60)
at edu.ucsc.cse118.assignment3.BasicTest.construction_channel_framing_message_ranice(BasicTest.kt:68)</failure>
  </testcase>
  <testcase name="construction_channel_framing_message_ranice_date" classname="edu.ucsc.cse118.assignment3.BasicTest" time="8.037">
    <failure>androidx.test.espresso.NoMatchingViewException: No views in hierarchy found matching: an instance of android.widget.TextView and view.getText() with or without transformation to match: is "Jul 21, 2022, 10:42:36 AM"

View Hierarchy:
+&gt;DecorView{id=-1, visibility=VISIBLE, width=1080, height=2340, has-focus=false, has-focusable=true, has-window-focus=true, is-clickable=false, is-enabled=true, is-focused=false, is-focusable=false, is-layout-requested=false, is-selected=false, layout-params={(0,0)(fillxfill) ty=BASE_APPLICATION wanim=0x10302fe
fl=LAYOUT_IN_SCREEN LAYOUT_INSET_DECOR SPLIT_TOUCH HARDWARE_ACCELERATED DRAWS_SYSTEM_BAR_BACKGROUNDS
pfl=NO_MOVE_ANIMATION FORCE_DRAW_STATUS_BAR_BACKGROUND FIT_INSETS_CONTROLLED
bhv=DEFAULT
fitSides=}, tag=null, root-is-layout-requested=false, has-input-connection=false, x=0.0, y=0.0, child-count=3}
|
+-&gt;LinearLayout{id=-1, visibility=VISIBLE, width=1080, height=2296, has-focus=false, has-focusable=true, has-window-focus=true, is-clickable=false, is-enabled=true, is-focused=false, is-focusable=false, is-layout-requested=false, is-selected=false, layout-params=android.widget.FrameLayout$LayoutParams&#64;d1ae76d, tag=null, root-is-layout-requested=false, has-input-connection=false, x=0.0, y=0.0, child-count=2}
|
+--&gt;ViewStub{id=16908723, res-name=action_mode_bar_stub, visibility=GONE, width=0, height=0, has-focus=false, has-focusable=false, has-window-focus=true, is-clickable=false, is-enabled=true, is-focused=false, is-focusable=false, is-layout-requested=true, is-selected=false, layout-params=android.widget.LinearLayout$LayoutParams&#64;245efa2, tag=null, root-is-layout-requested=false, has-input-connection=false, x=0.0, y=0.0}
|
+--&gt;FrameLayout{id=-1, visibility=VISIBLE, width=1080, height=2230, has-focus=false, has-focusable=true, has-window-focus=true, is-clickable=false, is-enabled=true, is-focused=false, is-focusable=false, is-layout-requested=false, is-selected=false, layout-params=android.widget.LinearLayout$LayoutParams&#64;d36d3f0, tag=null, root-is-layout-requested=false, has-input-connection=false, x=0.0, y=66.0, child-count=1}
|
+---&gt;ActionBarOverlayLayout{id=2131230867, res-name=decor_content_parent, visibility=VISIBLE, width=1080, height=2230, has-focus=false, has-focusable=true, has-window-focus=true, is-clickable=false, is-enabled=true, is-focused=false, is-focusable=false, is-layout-requested=false, is-selected=false, layout-params=android.widget.FrameLayout$LayoutParams&#64;8b8d69, tag=null, root-is-layout-requested=false, has-input-connection=false, x=0.0, y=0.0, child-count=2}
|
+----&gt;ContentFrameLayout{id=16908290, res-name=content, visibility=VISIBLE, width=1080, height=2076, has-focus=false, has-focusable=true, has-window-focus=true, is-clickable=false, is-enabled=true, is-focused=false, is-focusable=false, is-layout-requested=false, is-selected=false, layout-params=androidx.appcompat.widget.ActionBarOverlayLayout$LayoutParams&#64;e9c408f, tag=null, root-is-layout-requested=false, has-input-connection=false, x=0.0, y=154.0, child-count=1}
|
+-----&gt;ConstraintLayout{id=-1, visibility=VISIBLE, width=1080, height=2076, has-focus=false, has-focusable=true, has-window-focus=true, is-clickable=false, is-enabled=true, is-focused=false, is-focusable=false, is-layout-requested=false, is-selected=false, layout-params=android.widget.FrameLayout$LayoutParams&#64;9469725, tag=null, root-is-layout-requested=false, has-input-connection=false, x=0.0, y=0.0, child-count=1}
|
+------&gt;FragmentContainerView{id=2131231025, res-name=nav_host_fragment, visibility=VISIBLE, width=1080, height=2076, has-focus=false, has-focusable=true, has-window-focus=true, is-clickable=false, is-enabled=true, is-focused=false, is-focusable=false, is-layout-requested=false, is-selected=false, layout-params=androidx.constraintlayout.widget.ConstraintLayout$LayoutParams&#64;82656ab, tag=null, root-is-layout-requested=false, has-input-connection=false, x=0.0, y=0.0, child-count=1}
|
+-------&gt;FragmentContainerView{id=2131231025, res-name=nav_host_fragment, visibility=VISIBLE, width=1080, height=2076, has-focus=false, has-focusable=true, has-window-focus=true, is-clickable=false, is-enabled=true, is-focused=false, is-focusable=false, is-layout-requested=false, is-selected=false, layout-params=android.widget.FrameLayout$LayoutParams&#64;9ee80a1, tag=null, root-is-layout-requested=false, has-input-connection=false, x=0.0, y=0.0, child-count=1}
|
+--------&gt;ConstraintLayout{id=-1, visibility=VISIBLE, width=1080, height=1870, has-focus=false, has-focusable=true, has-window-focus=true, is-clickable=false, is-enabled=true, is-focused=false, is-focusable=false, is-layout-requested=false, is-selected=false, layout-params=android.widget.FrameLayout$LayoutParams&#64;7f1b287, tag=null, root-is-layout-requested=false, has-input-connection=false, x=0.0, y=0.0, child-count=1}
|
+---------&gt;RecyclerView{id=2131231071, res-name=recyclerview, visibility=VISIBLE, width=1080, height=1870, has-focus=false, has-focusable=true, has-window-focus=true, is-clickable=false, is-enabled=true, is-focused=false, is-focusable=true, is-layout-requested=false, is-selected=false, layout-params=androidx.constraintlayout.widget.ConstraintLayout$LayoutParams&#64;7a86caa, tag=null, root-is-layout-requested=false, has-input-connection=false, x=0.0, y=0.0, child-count=10}
|
+----------&gt;CardView{id=-1, visibility=VISIBLE, width=1058, height=165, has-focus=false, has-focusable=true, has-window-focus=true, is-clickable=true, is-enabled=true, is-focused=false, is-focusable=true, is-layout-requested=false, is-selected=false, layout-params=androidx.recyclerview.widget.RecyclerView$LayoutParams&#64;e2ec38, tag=null, root-is-layout-requested=false, has-input-connection=false, x=11.0, y=11.0, child-count=1}
|
+-----------&gt;LinearLayout{id=-1, visibility=VISIBLE, width=1058, height=165, has-focus=false, has-focusable=false, has-window-focus=true, is-clickable=false, is-enabled=true, is-focused=false, is-focusable=false, is-layout-requested=false, is-selected=false, layout-params=android.widget.FrameLayout$LayoutParams&#64;4464b77, tag=null, root-is-layout-requested=false, has-input-connection=false, x=0.0, y=0.0, child-count=2}
|
+------------&gt;MaterialTextView{id=2131231022, res-name=name, visibility=VISIBLE, width=625, height=74, has-focus=false, has-focusable=false, has-window-focus=true, is-clickable=false, is-enabled=true, is-focused=false, is-focusable=false, is-layout-requested=false, is-selected=false, layout-params=android.widget.LinearLayout$LayoutParams&#64;1f693e4, tag=null, root-is-layout-requested=false, has-input-connection=false, x=11.0, y=11.0, text=Rebar &amp; Wire Mesh Install, input-type=0, ime-target=false, has-links=false}
|
+------------&gt;MaterialTextView{id=2131230988, res-name=messages, visibility=VISIBLE, width=263, height=59, has-focus=false, has-focusable=false, has-window-focus=true, is-clickable=false, is-enabled=true, is-focused=false, is-focusable=false, is-layout-requested=false, is-selected=false, layout-params=android.widget.LinearLayout$LayoutParams&#64;d64a04d, tag=null, root-is-layout-requested=false, has-input-connection=false, x=11.0, y=85.0, text=32 Messages, input-type=0, ime-target=false, has-links=false}
|
+----------&gt;CardView{id=-1, visibility=VISIBLE, width=1058, height=165, has-focus=false, has-focusable=true, has-window-focus=true, is-clickable=true, is-enabled=true, is-focused=false, is-focusable=true, is-layout-requested=false, is-selected=false, layout-params=androidx.recyclerview.widget.RecyclerView$LayoutParams&#64;54a2813, tag=null, root-is-layout-requested=false, has-input-connection=false, x=11.0, y=198.0, child-count=1}
|
+-----------&gt;LinearLayout{id=-1, visibility=VISIBLE, width=1058, height=165, has-focus=false, has-focusable=false, has-window-focus=true, is-clickable=false, is-enabled=true, is-focused=false, is-focusable=false, is-layout-requested=false, is-selected=false, layout-params=android.widget.FrameLayout$LayoutParams&#64;b27714e, tag=null, root-is-layout-requested=false, has-input-connection=false, x=0.0, y=0.0, child-count=2}
|
+------------&gt;MaterialTextView{id=2131231022, res-name=name, visibility=VISIBLE, width=393, height=74, has-focus=false, has-focusable=false, has-window-focus=true, is-clickable=false, is-enabled=true, is-focused=false, is-focusable=false, is-layout-requested=false, is-selected=false, layout-params=android.widget.LinearLayout$LayoutParams&#64;4a5326f, tag=null, root-is-layout-requested=false, has-input-connection=false, x=11.0, y=11.0, text=Framing (Wood), input-type=0, ime-target=false, has-links=false}
|
+------------&gt;MaterialTextView{id=2131230988, res-name=messages, visibility=VISIBLE, width=238, height=59, has-focus=false, has-focusable=false, has-window-focus=true, is-clickable=false, is-enabled=true, is-focused=false, is-focusable=false, is-layout-requested=false, is-selected=false, layout-params=android.widget.LinearLayout$LayoutParams&#64;8e7b7c, tag=null, root-is-layout-requested=false, has-input-connection=false, x=11.0, y=85.0, text=4 Messages, input-type=0, ime-target=false, has-links=false}
|
+----------&gt;CardView{id=-1, visibility=VISIBLE, width=1058, height=165, has-focus=false, has-focusable=true, has-window-focus=true, is-clickable=true, is-enabled=true, is-focused=false, is-focusable=true, is-layout-requested=false, is-selected=false, layout-params=androidx.recyclerview.widget.RecyclerView$LayoutParams&#64;10d545a, tag=null, root-is-layout-requested=false, has-input-connection=false, x=11.0, y=385.0, child-count=1}
|
+-----------&gt;LinearLayout{id=-1, visibility=VISIBLE, width=1058, height=165, has-focus=false, has-focusable=false, has-window-focus=true, is-clickable=false, is-enabled=true, is-focused=false, is-focusable=false, is-layout-requested=false, is-selected=false, layout-params=android.widget.FrameLayout$LayoutParams&#64;f54e381, tag=null, root-is-layout-requested=false, has-input-connection=false, x=0.0, y=0.0, child-count=2}
|
+------------&gt;MaterialTextView{id=2131231022, res-name=name, visibility=VISIBLE, width=213, height=74, has-focus=false, has-focusable=false, has-window-focus=true, is-clickable=false, is-enabled=true, is-focused=false, is-focusable=false, is-layout-requested=false, is-selected=false, layout-params=android.widget.LinearLayout$LayoutParams&#64;b3c5c26, tag=null, root-is-layout-requested=false, has-input-connection=false, x=11.0, y=11.0, text=Masonry, input-type=0, ime-target=false, has-links=false}
|
+------------&gt;MaterialTextView{id=2131230988, res-name=messages, visibility=VISIBLE, width=263, height=59, has-focus=false, has-focusable=false, has-window-focus=true, is-clickable=false, is-enabled=true, is-focused=false, is-focusable=false, is-layout-requested=false, is-selected=false, layout-params=android.widget.LinearLayout$LayoutParams&#64;82b0067, tag=null, root-is-layout-requested=false, has-input-connection=false, x=11.0, y=85.0, text=16 Messages, input-type=0, ime-target=false, has-links=false}
|
+----------&gt;CardView{id=-1, visibility=VISIBLE, width=1058, height=165, has-focus=false, has-focusable=true, has-window-focus=true, is-clickable=true, is-enabled=true, is-focused=false, is-focusable=true, is-layout-requested=false, is-selected=false, layout-params=androidx.recyclerview.widget.RecyclerView$LayoutParams&#64;aeb36bd, tag=null, root-is-layout-requested=false, has-input-connection=false, x=11.0, y=572.0, child-count=1}
|
+-----------&gt;LinearLayout{id=-1, visibility=VISIBLE, width=1058, height=165, has-focus=false, has-focusable=false, has-window-focus=true, is-clickable=false, is-enabled=true, is-focused=false, is-focusable=false, is-layout-requested=false, is-selected=false, layout-params=android.widget.FrameLayout$LayoutParams&#64;5cda780, tag=null, root-is-layout-requested=false, has-input-connection=false, x=0.0, y=0.0, child-count=2}
|
+------------&gt;MaterialTextView{id=2131231022, res-name=name, visibility=VISIBLE, width=179, height=74, has-focus=false, has-focusable=false, has-window-focus=true, is-clickable=false, is-enabled=true, is-focused=false, is-focusable=false, is-layout-requested=false, is-selected=false, layout-params=android.widget.LinearLayout$LayoutParams&#64;e9981b9, tag=null, root-is-layout-requested=false, has-input-connection=false, x=11.0, y=11.0, text=Drywall, input-type=0, ime-target=false, has-links=false}
|
+------------&gt;MaterialTextView{id=2131230988, res-name=messages, visibility=VISIBLE, width=263, height=59, has-focus=false, has-focusable=false, has-window-focus=true, is-clickable=false, is-enabled=true, is-focused=false, is-focusable=false, is-layout-requested=false, is-selected=false, layout-params=android.widget.LinearLayout$LayoutParams&#64;af8c9fe, tag=null, root-is-layout-requested=false, has-input-connection=false, x=11.0, y=85.0, text=28 Messages, input-type=0, ime-target=false, has-links=false}
|
+----------&gt;CardView{id=-1, visibility=VISIBLE, width=1058, height=165, has-focus=false, has-focusable=true, has-window-focus=true, is-clickable=true, is-enabled=true, is-focused=false, is-focusable=true, is-layout-requested=false, is-selected=false, layout-params=androidx.recyclerview.widget.RecyclerView$LayoutParams&#64;c25bbac, tag=null, root-is-layout-requested=false, has-input-connection=false, x=11.0, y=759.0, child-count=1}
|
+-----------&gt;LinearLayout{id=-1, visibility=VISIBLE, width=1058, height=165, has-focus=false, has-focusable=false, has-window-focus=true, is-clickable=false, is-enabled=true, is-focused=false, is-focusable=false, is-layout-requested=false, is-selected=false, layout-params=android.widget.FrameLayout$LayoutParams&#64;680287b, tag=null, root-is-layout-requested=false, has-input-connection=false, x=0.0, y=0.0, child-count=2}
|
+------------&gt;MaterialTextView{id=2131231022, res-name=name, visibility=VISIBLE, width=224, height=74, has-focus=false, has-focusable=false, has-window-focus=true, is-clickable=false, is-enabled=true, is-focused=false, is-focusable=false, is-layout-requested=false, is-selected=false, layout-params=android.widget.LinearLayout$LayoutParams&#64;b08e698, tag=null, root-is-layout-requested=false, has-input-connection=false, x=11.0, y=11.0, text=Electrical, input-type=0, ime-target=false, has-links=false}
|
+------------&gt;MaterialTextView{id=2131230988, res-name=messages, visibility=VISIBLE, width=263, height=59, has-focus=false, has-focusable=false, has-window-focus=true, is-clickable=false, is-enabled=true, is-focused=false, is-focusable=false, is-layout-requested=false, is-selected=false, layout-params=android.widget.LinearLayout$LayoutParams&#64;a9caef1, tag=null, root-is-layout-requested=false, has-input-connection=false, x=11.0, y=85.0, text=14 Messages, input-type=0, ime-target=false, has-links=false}
|
+----------&gt;CardView{id=-1, visibility=VISIBLE, width=1058, height=165, has-focus=false, has-focusable=true, has-window-focus=true, is-clickable=true, is-enabled=true, is-focused=false, is-focusable=true, is-layout-requested=false, is-selected=false, layout-params=androidx.recyclerview.widget.RecyclerView$LayoutParams&#64;5ded157, tag=null, root-is-layout-requested=false, has-input-connection=false, x=11.0, y=946.0, child-count=1}
|
+-----------&gt;LinearLayout{id=-1, visibility=VISIBLE, width=1058, height=165, has-focus=false, has-focusable=false, has-window-focus=true, is-clickable=false, is-enabled=true, is-focused=false, is-focusable=false, is-layout-requested=false, is-selected=false, layout-params=android.widget.FrameLayout$LayoutParams&#64;6c50e62, tag=null, root-is-layout-requested=false, has-input-connection=false, x=0.0, y=0.0, child-count=2}
|
+------------&gt;MaterialTextView{id=2131231022, res-name=name, visibility=VISIBLE, width=366, height=74, has-focus=false, has-focusable=false, has-window-focus=true, is-clickable=false, is-enabled=true, is-focused=false, is-focusable=false, is-layout-requested=false, is-selected=false, layout-params=android.widget.LinearLayout$LayoutParams&#64;e152bf3, tag=null, root-is-layout-requested=false, has-input-connection=false, x=11.0, y=11.0, text=Asphalt Paving, input-type=0, ime-target=false, has-links=false}
|
+------------&gt;MaterialTextView{id=2131230988, res-name=messages, visibility=VISIBLE, width=238, height=59, has-focus=false, has-focusable=false, has-window-focus=true, is-clickable=false, is-enabled=true, is-focused=false, is-focusable=false, is-layout-requested=false, is-selected=false, layout-params=android.widget.LinearLayout$LayoutParams&#64;359f0b0, tag=null, root-is-layout-requested=false, has-input-connection=false, x=11.0, y=85.0, text=8 Messages, input-type=0, ime-target=false, has-links=false}
|
+----------&gt;CardView{id=-1, visibility=VISIBLE, width=1058, height=165, has-focus=false, has-focusable=true, has-window-focus=true, is-clickable=true, is-enabled=true, is-focused=false, is-focusable=true, is-layout-requested=false, is-selected=false, layout-params=androidx.recyclerview.widget.RecyclerView$LayoutParams&#64;de9aeae, tag=null, root-is-layout-requested=false, has-input-connection=false, x=11.0, y=1133.0, child-count=1}
|
+-----------&gt;LinearLayout{id=-1, visibility=VISIBLE, width=1058, height=165, has-focus=false, has-focusable=false, has-window-focus=true, is-clickable=false, is-enabled=true, is-focused=false, is-focusable=false, is-layout-requested=false, is-selected=false, layout-params=android.widget.FrameLayout$LayoutParams&#64;47a70e5, tag=null, root-is-layout-requested=false, has-input-connection=false, x=0.0, y=0.0, child-count=2}
|
+------------&gt;MaterialTextView{id=2131231022, res-name=name, visibility=VISIBLE, width=652, height=74, has-focus=false, has-focusable=false, has-window-focus=true, is-clickable=false, is-enabled=true, is-focused=false, is-focusable=false, is-layout-requested=false, is-selected=false, layout-params=android.widget.LinearLayout$LayoutParams&#64;ca607ba, tag=null, root-is-layout-requested=false, has-input-connection=false, x=11.0, y=11.0, text=Doors, Frames &amp; Hardware, input-type=0, ime-target=false, has-links=false}
|
+------------&gt;MaterialTextView{id=2131230988, res-name=messages, visibility=VISIBLE, width=238, height=59, has-focus=false, has-focusable=false, has-window-focus=true, is-clickable=false, is-enabled=true, is-focused=false, is-focusable=false, is-layout-requested=false, is-selected=false, layout-params=android.widget.LinearLayout$LayoutParams&#64;ce8266b, tag=null, root-is-layout-requested=false, has-input-connection=false, x=11.0, y=85.0, text=8 Messages, input-type=0, ime-target=false, has-links=false}
|
+----------&gt;CardView{id=-1, visibility=VISIBLE, width=1058, height=165, has-focus=false, has-focusable=true, has-window-focus=true, is-clickable=true, is-enabled=true, is-focused=false, is-focusable=true, is-layout-requested=false, is-selected=false, layout-params=androidx.recyclerview.widget.RecyclerView$LayoutParams&#64;be63661, tag=null, root-is-layout-requested=false, has-input-connection=false, x=11.0, y=1320.0, child-count=1}
|
+-----------&gt;LinearLayout{id=-1, visibility=VISIBLE, width=1058, height=165, has-focus=false, has-focusable=false, has-window-focus=true, is-clickable=false, is-enabled=true, is-focused=false, is-focusable=false, is-layout-requested=false, is-selected=false, layout-params=android.widget.FrameLayout$LayoutParams&#64;e14d674, tag=null, root-is-layout-requested=false, has-input-connection=false, x=0.0, y=0.0, child-count=2}
|
+------------&gt;MaterialTextView{id=2131231022, res-name=name, visibility=VISIBLE, width=329, height=74, has-focus=false, has-focusable=false, has-window-focus=true, is-clickable=false, is-enabled=true, is-focused=false, is-focusable=false, is-layout-requested=false, is-selected=false, layout-params=android.widget.LinearLayout$LayoutParams&#64;9eed79d, tag=null, root-is-layout-requested=false, has-input-connection=false, x=11.0, y=11.0, text=Curb &amp; Gutter, input-type=0, ime-target=false, has-links=false}
|
+------------&gt;MaterialTextView{id=2131230988, res-name=messages, visibility=VISIBLE, width=263, height=59, has-focus=false, has-focusable=false, has-window-focus=true, is-clickable=false, is-enabled=true, is-focused=false, is-focusable=false, is-layout-requested=false, is-selected=false, layout-params=android.widget.LinearLayout$LayoutParams&#64;d1d412, tag=null, root-is-layout-requested=false, has-input-connection=false, x=11.0, y=85.0, text=16 Messages, input-type=0, ime-target=false, has-links=false}
|
+----------&gt;CardView{id=-1, visibility=VISIBLE, width=1058, height=165, has-focus=false, has-focusable=true, has-window-focus=true, is-clickable=true, is-enabled=true, is-focused=false, is-focusable=true, is-layout-requested=false, is-selected=false, layout-params=androidx.recyclerview.widget.RecyclerView$LayoutParams&#64;ae2e5e0, tag=null, root-is-layout-requested=false, has-input-connection=false, x=11.0, y=1507.0, child-count=1}
|
+-----------&gt;LinearLayout{id=-1, visibility=VISIBLE, width=1058, height=165, has-focus=false, has-focusable=false, has-window-focus=true, is-clickable=false, is-enabled=true, is-focused=false, is-focusable=false, is-layout-requested=false, is-selected=false, layout-params=android.widget.FrameLayout$LayoutParams&#64;8a12f3f, tag=null, root-is-layout-requested=false, has-input-connection=false, x=0.0, y=0.0, child-count=2}
|
+------------&gt;MaterialTextView{id=2131231022, res-name=name, visibility=VISIBLE, width=377, height=74, has-focus=false, has-focusable=false, has-window-focus=true, is-clickable=false, is-enabled=true, is-focused=false, is-focusable=false, is-layout-requested=false, is-selected=false, layout-params=android.widget.LinearLayout$LayoutParams&#64;2c0800c, tag=null, root-is-layout-requested=false, has-input-connection=false, x=11.0, y=11.0, text=Roofing (Metal), input-type=0, ime-target=false, has-links=false}
|
+------------&gt;MaterialTextView{id=2131230988, res-name=messages, visibility=VISIBLE, width=263, height=59, has-focus=false, has-focusable=false, has-window-focus=true, is-clickable=false, is-enabled=true, is-focused=false, is-focusable=false, is-layout-requested=false, is-selected=false, layout-params=android.widget.LinearLayout$LayoutParams&#64;8425d55, tag=null, root-is-layout-requested=false, has-input-connection=false, x=11.0, y=85.0, text=10 Messages, input-type=0, ime-target=false, has-links=false}
|
+----------&gt;CardView{id=-1, visibility=VISIBLE, width=1058, height=165, has-focus=false, has-focusable=true, has-window-focus=true, is-clickable=true, is-enabled=true, is-focused=false, is-focusable=true, is-layout-requested=false, is-selected=false, layout-params=androidx.recyclerview.widget.RecyclerView$LayoutParams&#64;d03805b, tag=null, root-is-layout-requested=false, has-input-connection=false, x=11.0, y=1694.0, child-count=1}
|
+-----------&gt;LinearLayout{id=-1, visibility=VISIBLE, width=1058, height=165, has-focus=false, has-focusable=false, has-window-focus=true, is-clickable=false, is-enabled=true, is-focused=false, is-focusable=false, is-layout-requested=false, is-selected=false, layout-params=android.widget.FrameLayout$LayoutParams&#64;92fbc36, tag=null, root-is-layout-requested=false, has-input-connection=false, x=0.0, y=0.0, child-count=2}
|
+------------&gt;MaterialTextView{id=2131231022, res-name=name, visibility=VISIBLE, width=329, height=74, has-focus=false, has-focusable=false, has-window-focus=true, is-clickable=false, is-enabled=true, is-focused=false, is-focusable=false, is-layout-requested=false, is-selected=false, layout-params=android.widget.LinearLayout$LayoutParams&#64;c6fc737, tag=null, root-is-layout-requested=false, has-input-connection=false, x=11.0, y=11.0, text=Curb &amp; Gutter, input-type=0, ime-target=false, has-links=false}
|
+------------&gt;MaterialTextView{id=2131230988, res-name=messages, visibility=VISIBLE, width=263, height=59, has-focus=false, has-focusable=false, has-window-focus=true, is-clickable=false, is-enabled=true, is-focused=false, is-focusable=false, is-layout-requested=false, is-selected=false, layout-params=android.widget.LinearLayout$LayoutParams&#64;5d4c4a4, tag=null, root-is-layout-requested=false, has-input-connection=false, x=11.0, y=85.0, text=16 Messages, input-type=0, ime-target=false, has-links=false}
|
+----&gt;ActionBarContainer{id=2131230773, res-name=action_bar_container, visibility=VISIBLE, width=1080, height=154, has-focus=false, has-focusable=false, has-window-focus=true, is-clickable=false, is-enabled=true, is-focused=false, is-focusable=false, is-layout-requested=false, is-selected=false, layout-params=androidx.appcompat.widget.ActionBarOverlayLayout$LayoutParams&#64;aef9fd3, tag=null, root-is-layout-requested=false, has-input-connection=false, x=0.0, y=0.0, child-count=2}
|
+-----&gt;Toolbar{id=2131230771, res-name=action_bar, visibility=VISIBLE, width=1080, height=154, has-focus=false, has-focusable=false, has-window-focus=true, is-clickable=false, is-enabled=true, is-focused=false, is-focusable=false, is-layout-requested=false, is-selected=false, layout-params=android.widget.FrameLayout$LayoutParams&#64;fcf9209, tag=null, root-is-layout-requested=false, has-input-connection=false, x=0.0, y=0.0, child-count=3}
|
+------&gt;AppCompatTextView{id=-1, visibility=VISIBLE, width=361, height=74, has-focus=false, has-focusable=false, has-window-focus=true, is-clickable=false, is-enabled=true, is-focused=false, is-focusable=false, is-layout-requested=false, is-selected=false, layout-params=androidx.appcompat.widget.Toolbar$LayoutParams&#64;5d61c0e, tag=null, root-is-layout-requested=false, has-input-connection=false, x=198.0, y=40.0, text=Molly Member, input-type=0, ime-target=false, has-links=false}
|
+------&gt;ActionMenuView{id=-1, visibility=VISIBLE, width=0, height=154, has-focus=false, has-focusable=false, has-window-focus=true, is-clickable=false, is-enabled=true, is-focused=false, is-focusable=false, is-layout-requested=false, is-selected=false, layout-params=androidx.appcompat.widget.Toolbar$LayoutParams&#64;98a662f, tag=null, root-is-layout-requested=false, has-input-connection=false, x=1080.0, y=0.0, child-count=0}
|
+------&gt;AppCompatImageButton{id=-1, desc=Navigate up, visibility=VISIBLE, width=154, height=154, has-focus=false, has-focusable=false, has-window-focus=true, is-clickable=true, is-enabled=true, is-focused=false, is-focusable=true, is-layout-requested=false, is-selected=false, layout-params=androidx.appcompat.widget.Toolbar$LayoutParams&#64;26a043c, tag=null, root-is-layout-requested=false, has-input-connection=false, x=0.0, y=0.0}
|
+-----&gt;ActionBarContextView{id=2131230779, res-name=action_context_bar, visibility=GONE, width=0, height=0, has-focus=false, has-focusable=false, has-window-focus=true, is-clickable=false, is-enabled=true, is-focused=false, is-focusable=false, is-layout-requested=true, is-selected=false, layout-params=android.widget.FrameLayout$LayoutParams&#64;6d645c5, tag=null, root-is-layout-requested=false, has-input-connection=false, x=0.0, y=0.0, child-count=0}
|
+-&gt;View{id=16908336, res-name=navigationBarBackground, visibility=VISIBLE, width=1080, height=44, has-focus=false, has-focusable=false, has-window-focus=true, is-clickable=false, is-enabled=true, is-focused=false, is-focusable=false, is-layout-requested=false, is-selected=false, layout-params=android.widget.FrameLayout$LayoutParams&#64;ddbeb1a, tag=null, root-is-layout-requested=false, has-input-connection=false, x=0.0, y=2296.0}
|
+-&gt;View{id=16908335, res-name=statusBarBackground, visibility=VISIBLE, width=1080, height=66, has-focus=false, has-focusable=false, has-window-focus=true, is-clickable=false, is-enabled=true, is-focused=false, is-focusable=false, is-layout-requested=false, is-selected=false, layout-params=android.widget.FrameLayout$LayoutParams&#64;861364b, tag=null, root-is-layout-requested=false, has-input-connection=false, x=0.0, y=0.0}
at dalvik.system.VMStack.getThreadStackTrace(Native Method)
at java.lang.Thread.getStackTrace(Thread.java:1724)
at androidx.test.espresso.base.DefaultFailureHandler.getUserFriendlyError(DefaultFailureHandler.java:12)
at androidx.test.espresso.base.DefaultFailureHandler.handle(DefaultFailureHandler.java:7)
at androidx.test.espresso.ViewInteraction.waitForAndHandleInteractionResults(ViewInteraction.java:8)
at androidx.test.espresso.ViewInteraction.desugaredPerform(ViewInteraction.java:11)
at androidx.test.espresso.ViewInteraction.perform(ViewInteraction.java:4)
at edu.ucsc.cse118.assignment3.TestHelper.waitForView(TestHelper.kt:48)
at edu.ucsc.cse118.assignment3.TestHelper.waitForView$default(TestHelper.kt:39)
at edu.ucsc.cse118.assignment3.TestHelper.waitForText(TestHelper.kt:60)
at edu.ucsc.cse118.assignment3.BasicTest.construction_channel_framing_message_ranice_date(BasicTest.kt:73)</failure>
  </testcase>
  <testcase name="construction_channel_count" classname="edu.ucsc.cse118.assignment3.BasicTest" time="1.573" />
</testsuite>