<?xml version='1.0' encoding='UTF-8' ?>
<testsuite name="edu.ucsc.cse118.assignment3.BasicTest" tests="1" failures="0" errors="0" skipped="0" time="1.52" timestamp="2022-10-16T09:16:31" hostname="localhost">
  <properties>
    <property name="device" value="Pixel_5_API_32(AVD) - 12" />
    <property name="flavor" value="" />
    <property name="project" value=":app" />
  </properties>
  <testcase name="header" classname="edu.ucsc.cse118.assignment3.BasicTest" time="-1.665911789516E9" />
</testsuite>