<?xml version='1.0' encoding='UTF-8' ?>
<testsuite name="edu.ucsc.cse118.assignment3.BasicTest" tests="1" failures="0" errors="0" skipped="0" time="1.093" timestamp="2022-10-17T11:08:56" hostname="localhost">
  <properties>
    <property name="device" value="Pixel_5_API_32(AVD) - 12" />
    <property name="flavor" value="" />
    <property name="project" value=":app" />
  </properties>
  <testcase name="header" classname="edu.ucsc.cse118.assignment3.BasicTest" time="-1.666004935218E9" />
</testsuite>