<?xml version='1.0' encoding='UTF-8' ?>
<testsuite name="edu.ucsc.cse118.assignment3.AdvancedTest" tests="1" failures="0" errors="0" skipped="0" time="1.33" timestamp="2022-10-17T22:31:43" hostname="localhost">
  <properties>
    <property name="device" value="Pixel_5_API_32(AVD) - 12" />
    <property name="flavor" value="" />
    <property name="project" value=":app" />
  </properties>
  <testcase name="header" classname="edu.ucsc.cse118.assignment3.AdvancedTest" time="-1.666045902246E9" />
</testsuite>